/mnt/qb/work/butz/svolz67/dev/models/waveModels
JOB DATA
JobId=1448601 ArrayJobId=1448601 ArrayTaskId=5 JobName=review.sh
   UserId=svolz67(4458) GroupId=butz(4032) MCS_label=N/A
   Priority=41413 Nice=0 Account=butz QOS=normal
   JobState=RUNNING Reason=None Dependency=(null)
   Requeue=1 Restarts=0 BatchFlag=1 Reboot=0 ExitCode=0:0
   RunTime=00:00:01 TimeLimit=12:00:00 TimeMin=N/A
   SubmitTime=2022-05-20T18:27:54 EligibleTime=2022-05-20T18:27:55
   AccrueTime=Unknown
   StartTime=2022-05-20T18:27:55 EndTime=2022-05-21T06:27:55 Deadline=N/A
   PreemptEligibleTime=2022-05-20T18:28:55 PreemptTime=None
   SuspendTime=None SecsPreSuspend=0 LastSchedEval=2022-05-20T18:27:55
   Partition=gpu-2080ti AllocNode:Sid=bg-slurmb-login1:7593
   ReqNodeList=(null) ExcNodeList=(null)
   NodeList=slurm-bm-51
   BatchHost=slurm-bm-51
   NumNodes=1 NumCPUs=8 NumTasks=5 CPUs/Task=1 ReqB:S:C:T=0:0:*:*
   TRES=cpu=8,mem=3G,node=1,billing=2,gres/gpu=1
   Socks/Node=* NtasksPerN:B:S:C=0:0:*:* CoreSpec=*
   MinCPUsNode=1 MinMemoryNode=3G MinTmpDiskNode=0
   Features=(null) DelayBoot=00:00:00
   OverSubscribe=OK Contiguous=0 Licenses=(null) Network=(null)
   Command=/mnt/qb/work/butz/svolz67/dev/models/waveModels/review.sh
   WorkDir=/mnt/qb/work/butz/svolz67/dev/models/waveModels
   StdErr=/mnt/qb/work/butz/svolz67/dev/models/waveModels/svolz.err
   StdIn=/dev/null
   StdOut=/mnt/qb/work/butz/svolz67/dev/models/waveModels/svolz.out
   Power=
   CpusPerTres=gpu:8
   TresPerNode=gpu:1
   MailUser=sebastien.volz@student.uni-tuebingen.de MailType=FAIL
   NtasksPerTRES:0

JobId=1448605 ArrayJobId=1448601 ArrayTaskId=4 JobName=review.sh
   UserId=svolz67(4458) GroupId=butz(4032) MCS_label=N/A
   Priority=41413 Nice=0 Account=butz QOS=normal
   JobState=RUNNING Reason=None Dependency=(null)
   Requeue=1 Restarts=0 BatchFlag=1 Reboot=0 ExitCode=0:0
   RunTime=00:00:01 TimeLimit=12:00:00 TimeMin=N/A
   SubmitTime=2022-05-20T18:27:54 EligibleTime=2022-05-20T18:27:55
   AccrueTime=Unknown
   StartTime=2022-05-20T18:27:55 EndTime=2022-05-21T06:27:55 Deadline=N/A
   PreemptEligibleTime=2022-05-20T18:28:55 PreemptTime=None
   SuspendTime=None SecsPreSuspend=0 LastSchedEval=2022-05-20T18:27:55
   Partition=gpu-2080ti AllocNode:Sid=bg-slurmb-login1:7593
   ReqNodeList=(null) ExcNodeList=(null)
   NodeList=slurm-bm-51
   BatchHost=slurm-bm-51
   NumNodes=1 NumCPUs=8 NumTasks=5 CPUs/Task=1 ReqB:S:C:T=0:0:*:*
   TRES=cpu=8,mem=3G,node=1,billing=2,gres/gpu=1
   Socks/Node=* NtasksPerN:B:S:C=0:0:*:* CoreSpec=*
   MinCPUsNode=1 MinMemoryNode=3G MinTmpDiskNode=0
   Features=(null) DelayBoot=00:00:00
   OverSubscribe=OK Contiguous=0 Licenses=(null) Network=(null)
   Command=/mnt/qb/work/butz/svolz67/dev/models/waveModels/review.sh
   WorkDir=/mnt/qb/work/butz/svolz67/dev/models/waveModels
   StdErr=/mnt/qb/work/butz/svolz67/dev/models/waveModels/svolz.err
   StdIn=/dev/null
   StdOut=/mnt/qb/work/butz/svolz67/dev/models/waveModels/svolz.out
   Power=
   CpusPerTres=gpu:8
   TresPerNode=gpu:1
   MailUser=sebastien.volz@student.uni-tuebingen.de MailType=FAIL
   NtasksPerTRES:0

JobId=1448604 ArrayJobId=1448601 ArrayTaskId=3 JobName=review.sh
   UserId=svolz67(4458) GroupId=butz(4032) MCS_label=N/A
   Priority=41413 Nice=0 Account=butz QOS=normal
   JobState=RUNNING Reason=None Dependency=(null)
   Requeue=1 Restarts=0 BatchFlag=1 Reboot=0 ExitCode=0:0
   RunTime=00:00:01 TimeLimit=12:00:00 TimeMin=N/A
   SubmitTime=2022-05-20T18:27:54 EligibleTime=2022-05-20T18:27:55
   AccrueTime=Unknown
   StartTime=2022-05-20T18:27:55 EndTime=2022-05-21T06:27:55 Deadline=N/A
   PreemptEligibleTime=2022-05-20T18:28:55 PreemptTime=None
   SuspendTime=None SecsPreSuspend=0 LastSchedEval=2022-05-20T18:27:55
   Partition=gpu-2080ti AllocNode:Sid=bg-slurmb-login1:7593
   ReqNodeList=(null) ExcNodeList=(null)
   NodeList=slurm-bm-57
   BatchHost=slurm-bm-57
   NumNodes=1 NumCPUs=8 NumTasks=5 CPUs/Task=1 ReqB:S:C:T=0:0:*:*
   TRES=cpu=8,mem=3G,node=1,billing=2,gres/gpu=1
   Socks/Node=* NtasksPerN:B:S:C=0:0:*:* CoreSpec=*
   MinCPUsNode=1 MinMemoryNode=3G MinTmpDiskNode=0
   Features=(null) DelayBoot=00:00:00
   OverSubscribe=OK Contiguous=0 Licenses=(null) Network=(null)
   Command=/mnt/qb/work/butz/svolz67/dev/models/waveModels/review.sh
   WorkDir=/mnt/qb/work/butz/svolz67/dev/models/waveModels
   StdErr=/mnt/qb/work/butz/svolz67/dev/models/waveModels/svolz.err
   StdIn=/dev/null
   StdOut=/mnt/qb/work/butz/svolz67/dev/models/waveModels/svolz.out
   Power=
   CpusPerTres=gpu:8
   TresPerNode=gpu:1
   MailUser=sebastien.volz@student.uni-tuebingen.de MailType=FAIL
   NtasksPerTRES:0

JobId=1448603 ArrayJobId=1448601 ArrayTaskId=2 JobName=review.sh
   UserId=svolz67(4458) GroupId=butz(4032) MCS_label=N/A
   Priority=41413 Nice=0 Account=butz QOS=normal
   JobState=RUNNING Reason=None Dependency=(null)
   Requeue=1 Restarts=0 BatchFlag=1 Reboot=0 ExitCode=0:0
   RunTime=00:00:01 TimeLimit=12:00:00 TimeMin=N/A
   SubmitTime=2022-05-20T18:27:54 EligibleTime=2022-05-20T18:27:55
   AccrueTime=Unknown
   StartTime=2022-05-20T18:27:55 EndTime=2022-05-21T06:27:55 Deadline=N/A
   PreemptEligibleTime=2022-05-20T18:28:55 PreemptTime=None
   SuspendTime=None SecsPreSuspend=0 LastSchedEval=2022-05-20T18:27:55
   Partition=gpu-2080ti AllocNode:Sid=bg-slurmb-login1:7593
   ReqNodeList=(null) ExcNodeList=(null)
   NodeList=slurm-bm-49
   BatchHost=slurm-bm-49
   NumNodes=1 NumCPUs=8 NumTasks=5 CPUs/Task=1 ReqB:S:C:T=0:0:*:*
   TRES=cpu=8,mem=3G,node=1,billing=2,gres/gpu=1
   Socks/Node=* NtasksPerN:B:S:C=0:0:*:* CoreSpec=*
   MinCPUsNode=1 MinMemoryNode=3G MinTmpDiskNode=0
   Features=(null) DelayBoot=00:00:00
   OverSubscribe=OK Contiguous=0 Licenses=(null) Network=(null)
   Command=/mnt/qb/work/butz/svolz67/dev/models/waveModels/review.sh
   WorkDir=/mnt/qb/work/butz/svolz67/dev/models/waveModels
   StdErr=/mnt/qb/work/butz/svolz67/dev/models/waveModels/svolz.err
   StdIn=/dev/null
   StdOut=/mnt/qb/work/butz/svolz67/dev/models/waveModels/svolz.out
   Power=
   CpusPerTres=gpu:8
   TresPerNode=gpu:1
   MailUser=sebastien.volz@student.uni-tuebingen.de MailType=FAIL
   NtasksPerTRES:0

JobId=1448602 ArrayJobId=1448601 ArrayTaskId=1 JobName=review.sh
   UserId=svolz67(4458) GroupId=butz(4032) MCS_label=N/A
   Priority=41413 Nice=0 Account=butz QOS=normal
   JobState=RUNNING Reason=None Dependency=(null)
   Requeue=1 Restarts=0 BatchFlag=1 Reboot=0 ExitCode=0:0
   RunTime=00:00:01 TimeLimit=12:00:00 TimeMin=N/A
   SubmitTime=2022-05-20T18:27:54 EligibleTime=2022-05-20T18:27:55
   AccrueTime=Unknown
   StartTime=2022-05-20T18:27:55 EndTime=2022-05-21T06:27:55 Deadline=N/A
   PreemptEligibleTime=2022-05-20T18:28:55 PreemptTime=None
   SuspendTime=None SecsPreSuspend=0 LastSchedEval=2022-05-20T18:27:55
   Partition=gpu-2080ti AllocNode:Sid=bg-slurmb-login1:7593
   ReqNodeList=(null) ExcNodeList=(null)
   NodeList=slurm-bm-16
   BatchHost=slurm-bm-16
   NumNodes=1 NumCPUs=8 NumTasks=5 CPUs/Task=1 ReqB:S:C:T=0:0:*:*
   TRES=cpu=8,mem=3G,node=1,billing=2,gres/gpu=1
   Socks/Node=* NtasksPerN:B:S:C=0:0:*:* CoreSpec=*
   MinCPUsNode=1 MinMemoryNode=3G MinTmpDiskNode=0
   Features=(null) DelayBoot=00:00:00
   OverSubscribe=OK Contiguous=0 Licenses=(null) Network=(null)
   Command=/mnt/qb/work/butz/svolz67/dev/models/waveModels/review.sh
   WorkDir=/mnt/qb/work/butz/svolz67/dev/models/waveModels
   StdErr=/mnt/qb/work/butz/svolz67/dev/models/waveModels/svolz.err
   StdIn=/dev/null
   StdOut=/mnt/qb/work/butz/svolz67/dev/models/waveModels/svolz.out
   Power=
   CpusPerTres=gpu:8
   TresPerNode=gpu:1
   MailUser=sebastien.volz@student.uni-tuebingen.de MailType=FAIL
   NtasksPerTRES:0

node:
slurm-bm-51.novalocal
RUN Script
