/mnt/qb/work/butz/svolz67/dev/models
JOB DATA
JobId=1420213 ArrayJobId=1420213 ArrayTaskId=2 JobName=review.sh
   UserId=svolz67(4458) GroupId=butz(4032) MCS_label=N/A
   Priority=38833 Nice=0 Account=butz QOS=normal
   JobState=RUNNING Reason=None Dependency=(null)
   Requeue=1 Restarts=0 BatchFlag=1 Reboot=0 ExitCode=0:0
   RunTime=00:00:02 TimeLimit=00:30:00 TimeMin=N/A
   SubmitTime=2022-05-12T14:36:09 EligibleTime=2022-05-12T14:36:09
   AccrueTime=Unknown
   StartTime=2022-05-12T14:36:09 EndTime=2022-05-12T15:06:09 Deadline=N/A
   PreemptEligibleTime=2022-05-12T14:37:09 PreemptTime=None
   SuspendTime=None SecsPreSuspend=0 LastSchedEval=2022-05-12T14:36:09
   Partition=gpu-2080ti AllocNode:Sid=bg-slurmb-login1:9756
   ReqNodeList=(null) ExcNodeList=(null)
   NodeList=slurm-bm-45
   BatchHost=slurm-bm-45
   NumNodes=1 NumCPUs=8 NumTasks=1 CPUs/Task=1 ReqB:S:C:T=0:0:*:*
   TRES=cpu=8,mem=3G,node=1,billing=2,gres/gpu=1
   Socks/Node=* NtasksPerN:B:S:C=0:0:*:* CoreSpec=*
   MinCPUsNode=1 MinMemoryNode=3G MinTmpDiskNode=0
   Features=(null) DelayBoot=00:00:00
   OverSubscribe=OK Contiguous=0 Licenses=(null) Network=(null)
   Command=/mnt/qb/work/butz/svolz67/dev/models/review.sh
   WorkDir=/mnt/qb/work/butz/svolz67/dev/models
   StdErr=/mnt/qb/work/butz/svolz67/dev/models/svolz.err
   StdIn=/dev/null
   StdOut=/mnt/qb/work/butz/svolz67/dev/models/svolz.out
   Power=
   CpusPerTres=gpu:8
   TresPerNode=gpu:1
   MailUser=sebastien.volz@student.uni-tuebingen.de MailType=FAIL
   NtasksPerTRES:0

JobId=1420215 ArrayJobId=1420213 ArrayTaskId=1 JobName=review.sh
   UserId=svolz67(4458) GroupId=butz(4032) MCS_label=N/A
   Priority=38833 Nice=0 Account=butz QOS=normal
   JobState=COMPLETED Reason=None Dependency=(null)
   Requeue=1 Restarts=0 BatchFlag=1 Reboot=0 ExitCode=0:0
   RunTime=00:00:02 TimeLimit=00:30:00 TimeMin=N/A
   SubmitTime=2022-05-12T14:36:09 EligibleTime=2022-05-12T14:36:09
   AccrueTime=Unknown
   StartTime=2022-05-12T14:36:09 EndTime=2022-05-12T14:36:11 Deadline=N/A
   PreemptEligibleTime=2022-05-12T14:37:09 PreemptTime=None
   SuspendTime=None SecsPreSuspend=0 LastSchedEval=2022-05-12T14:36:09
   Partition=gpu-2080ti AllocNode:Sid=bg-slurmb-login1:9756
   ReqNodeList=(null) ExcNodeList=(null)
   NodeList=slurm-bm-45
   BatchHost=slurm-bm-45
   NumNodes=1 NumCPUs=8 NumTasks=1 CPUs/Task=1 ReqB:S:C:T=0:0:*:*
   TRES=cpu=8,mem=3G,node=1,billing=2,gres/gpu=1
   Socks/Node=* NtasksPerN:B:S:C=0:0:*:* CoreSpec=*
   MinCPUsNode=1 MinMemoryNode=3G MinTmpDiskNode=0
   Features=(null) DelayBoot=00:00:00
   OverSubscribe=OK Contiguous=0 Licenses=(null) Network=(null)
   Command=/mnt/qb/work/butz/svolz67/dev/models/review.sh
   WorkDir=/mnt/qb/work/butz/svolz67/dev/models
   StdErr=/mnt/qb/work/butz/svolz67/dev/models/svolz.err
   StdIn=/dev/null
   StdOut=/mnt/qb/work/butz/svolz67/dev/models/svolz.out
   Power=
   CpusPerTres=gpu:8
   TresPerNode=gpu:1
   MailUser=sebastien.volz@student.uni-tuebingen.de MailType=FAIL
   NtasksPerTRES:0

JobId=1420214 ArrayJobId=1420213 ArrayTaskId=0 JobName=review.sh
   UserId=svolz67(4458) GroupId=butz(4032) MCS_label=N/A
   Priority=38833 Nice=0 Account=butz QOS=normal
   JobState=COMPLETED Reason=None Dependency=(null)
   Requeue=1 Restarts=0 BatchFlag=1 Reboot=0 ExitCode=0:0
   RunTime=00:00:02 TimeLimit=00:30:00 TimeMin=N/A
   SubmitTime=2022-05-12T14:36:09 EligibleTime=2022-05-12T14:36:09
   AccrueTime=Unknown
   StartTime=2022-05-12T14:36:09 EndTime=2022-05-12T14:36:11 Deadline=N/A
   PreemptEligibleTime=2022-05-12T14:37:09 PreemptTime=None
   SuspendTime=None SecsPreSuspend=0 LastSchedEval=2022-05-12T14:36:09
   Partition=gpu-2080ti AllocNode:Sid=bg-slurmb-login1:9756
   ReqNodeList=(null) ExcNodeList=(null)
   NodeList=slurm-bm-45
   BatchHost=slurm-bm-45
   NumNodes=1 NumCPUs=8 NumTasks=1 CPUs/Task=1 ReqB:S:C:T=0:0:*:*
   TRES=cpu=8,mem=3G,node=1,billing=2,gres/gpu=1
   Socks/Node=* NtasksPerN:B:S:C=0:0:*:* CoreSpec=*
   MinCPUsNode=1 MinMemoryNode=3G MinTmpDiskNode=0
   Features=(null) DelayBoot=00:00:00
   OverSubscribe=OK Contiguous=0 Licenses=(null) Network=(null)
   Command=/mnt/qb/work/butz/svolz67/dev/models/review.sh
   WorkDir=/mnt/qb/work/butz/svolz67/dev/models
   StdErr=/mnt/qb/work/butz/svolz67/dev/models/svolz.err
   StdIn=/dev/null
   StdOut=/mnt/qb/work/butz/svolz67/dev/models/svolz.out
   Power=
   CpusPerTres=gpu:8
   TresPerNode=gpu:1
   MailUser=sebastien.volz@student.uni-tuebingen.de MailType=FAIL
   NtasksPerTRES:0

node:
slurm-bm-45.novalocal
RUN Script
2
