/mnt/qb/work/butz/svolz67/dev/models
JOB DATA
JobId=1442597 ArrayJobId=1442597 ArrayTaskId=0 JobName=review.sh
   UserId=svolz67(4458) GroupId=butz(4032) MCS_label=N/A
   Priority=42273 Nice=0 Account=butz QOS=normal
   JobState=RUNNING Reason=None Dependency=(null)
   Requeue=1 Restarts=0 BatchFlag=1 Reboot=0 ExitCode=0:0
   RunTime=00:00:00 TimeLimit=00:30:00 TimeMin=N/A
   SubmitTime=2022-05-18T17:52:50 EligibleTime=2022-05-18T17:52:51
   AccrueTime=Unknown
   StartTime=2022-05-18T17:52:51 EndTime=2022-05-18T18:22:51 Deadline=N/A
   PreemptEligibleTime=2022-05-18T17:53:51 PreemptTime=None
   SuspendTime=None SecsPreSuspend=0 LastSchedEval=2022-05-18T17:52:51
   Partition=gpu-2080ti AllocNode:Sid=bg-slurmb-login1:23063
   ReqNodeList=(null) ExcNodeList=(null)
   NodeList=slurm-bm-60
   BatchHost=slurm-bm-60
   NumNodes=1 NumCPUs=8 NumTasks=1 CPUs/Task=1 ReqB:S:C:T=0:0:*:*
   TRES=cpu=8,mem=3G,node=1,billing=2,gres/gpu=1
   Socks/Node=* NtasksPerN:B:S:C=0:0:*:* CoreSpec=*
   MinCPUsNode=1 MinMemoryNode=3G MinTmpDiskNode=0
   Features=(null) DelayBoot=00:00:00
   OverSubscribe=OK Contiguous=0 Licenses=(null) Network=(null)
   Command=/mnt/qb/work/butz/svolz67/dev/models/review.sh
   WorkDir=/mnt/qb/work/butz/svolz67/dev/models
   StdErr=/mnt/qb/work/butz/svolz67/dev/models/svolz_1442597.err
   StdIn=/dev/null
   StdOut=/mnt/qb/work/butz/svolz67/dev/models/svolz_1442597.out
   Power=
   CpusPerTres=gpu:8
   TresPerNode=gpu:1
   MailUser=sebastien.volz@student.uni-tuebingen.de MailType=FAIL
   NtasksPerTRES:0

node:
slurm-bm-60.sdn
RUN Script
