/mnt/qb/work/butz/svolz67/dev/models/bigProblem
JOB DATA
JobId=1610969 ArrayJobId=1610969 ArrayTaskId=5 JobName=review.sh
   UserId=svolz67(4458) GroupId=butz(4032) MCS_label=N/A
   Priority=31990 Nice=0 Account=butz QOS=normal
   JobState=RUNNING Reason=None Dependency=(null)
   Requeue=1 Restarts=0 BatchFlag=1 Reboot=0 ExitCode=0:0
   RunTime=00:00:03 TimeLimit=3-00:00:00 TimeMin=N/A
   SubmitTime=2022-07-13T10:21:50 EligibleTime=2022-07-13T10:21:50
   AccrueTime=Unknown
   StartTime=2022-07-13T10:21:50 EndTime=2022-07-16T10:21:50 Deadline=N/A
   PreemptEligibleTime=2022-07-13T10:22:50 PreemptTime=None
   SuspendTime=None SecsPreSuspend=0 LastSchedEval=2022-07-13T10:21:50
   Partition=gpu-2080ti AllocNode:Sid=bg-slurmb-login1:31299
   ReqNodeList=(null) ExcNodeList=(null)
   NodeList=slurm-bm-55
   BatchHost=slurm-bm-55
   NumNodes=1 NumCPUs=8 NumTasks=5 CPUs/Task=1 ReqB:S:C:T=0:0:*:*
   TRES=cpu=8,mem=3G,node=1,billing=2,gres/gpu=1
   Socks/Node=* NtasksPerN:B:S:C=0:0:*:* CoreSpec=*
   MinCPUsNode=1 MinMemoryNode=3G MinTmpDiskNode=0
   Features=(null) DelayBoot=00:00:00
   OverSubscribe=OK Contiguous=0 Licenses=(null) Network=(null)
   Command=/mnt/qb/work/butz/svolz67/dev/models/bigProblem/review.sh
   WorkDir=/mnt/qb/work/butz/svolz67/dev/models/bigProblem
   StdErr=/mnt/qb/work/butz/svolz67/dev/models/bigProblem/svolz.err
   StdIn=/dev/null
   StdOut=/mnt/qb/work/butz/svolz67/dev/models/bigProblem/svolz.out
   Power=
   CpusPerTres=gpu:8
   TresPerNode=gpu:1
   MailUser=sebastien.volz@student.uni-tuebingen.de MailType=FAIL
   NtasksPerTRES:0

JobId=1610973 ArrayJobId=1610969 ArrayTaskId=4 JobName=review.sh
   UserId=svolz67(4458) GroupId=butz(4032) MCS_label=N/A
   Priority=31990 Nice=0 Account=butz QOS=normal
   JobState=RUNNING Reason=None Dependency=(null)
   Requeue=1 Restarts=0 BatchFlag=1 Reboot=0 ExitCode=0:0
   RunTime=00:00:03 TimeLimit=3-00:00:00 TimeMin=N/A
   SubmitTime=2022-07-13T10:21:50 EligibleTime=2022-07-13T10:21:50
   AccrueTime=Unknown
   StartTime=2022-07-13T10:21:50 EndTime=2022-07-16T10:21:50 Deadline=N/A
   PreemptEligibleTime=2022-07-13T10:22:50 PreemptTime=None
   SuspendTime=None SecsPreSuspend=0 LastSchedEval=2022-07-13T10:21:50
   Partition=gpu-2080ti AllocNode:Sid=bg-slurmb-login1:31299
   ReqNodeList=(null) ExcNodeList=(null)
   NodeList=slurm-bm-55
   BatchHost=slurm-bm-55
   NumNodes=1 NumCPUs=8 NumTasks=5 CPUs/Task=1 ReqB:S:C:T=0:0:*:*
   TRES=cpu=8,mem=3G,node=1,billing=2,gres/gpu=1
   Socks/Node=* NtasksPerN:B:S:C=0:0:*:* CoreSpec=*
   MinCPUsNode=1 MinMemoryNode=3G MinTmpDiskNode=0
   Features=(null) DelayBoot=00:00:00
   OverSubscribe=OK Contiguous=0 Licenses=(null) Network=(null)
   Command=/mnt/qb/work/butz/svolz67/dev/models/bigProblem/review.sh
   WorkDir=/mnt/qb/work/butz/svolz67/dev/models/bigProblem
   StdErr=/mnt/qb/work/butz/svolz67/dev/models/bigProblem/svolz.err
   StdIn=/dev/null
   StdOut=/mnt/qb/work/butz/svolz67/dev/models/bigProblem/svolz.out
   Power=
   CpusPerTres=gpu:8
   TresPerNode=gpu:1
   MailUser=sebastien.volz@student.uni-tuebingen.de MailType=FAIL
   NtasksPerTRES:0

JobId=1610972 ArrayJobId=1610969 ArrayTaskId=3 JobName=review.sh
   UserId=svolz67(4458) GroupId=butz(4032) MCS_label=N/A
   Priority=31990 Nice=0 Account=butz QOS=normal
   JobState=RUNNING Reason=None Dependency=(null)
   Requeue=1 Restarts=0 BatchFlag=1 Reboot=0 ExitCode=0:0
   RunTime=00:00:03 TimeLimit=3-00:00:00 TimeMin=N/A
   SubmitTime=2022-07-13T10:21:50 EligibleTime=2022-07-13T10:21:50
   AccrueTime=Unknown
   StartTime=2022-07-13T10:21:50 EndTime=2022-07-16T10:21:50 Deadline=N/A
   PreemptEligibleTime=2022-07-13T10:22:50 PreemptTime=None
   SuspendTime=None SecsPreSuspend=0 LastSchedEval=2022-07-13T10:21:50
   Partition=gpu-2080ti AllocNode:Sid=bg-slurmb-login1:31299
   ReqNodeList=(null) ExcNodeList=(null)
   NodeList=slurm-bm-55
   BatchHost=slurm-bm-55
   NumNodes=1 NumCPUs=8 NumTasks=5 CPUs/Task=1 ReqB:S:C:T=0:0:*:*
   TRES=cpu=8,mem=3G,node=1,billing=2,gres/gpu=1
   Socks/Node=* NtasksPerN:B:S:C=0:0:*:* CoreSpec=*
   MinCPUsNode=1 MinMemoryNode=3G MinTmpDiskNode=0
   Features=(null) DelayBoot=00:00:00
   OverSubscribe=OK Contiguous=0 Licenses=(null) Network=(null)
   Command=/mnt/qb/work/butz/svolz67/dev/models/bigProblem/review.sh
   WorkDir=/mnt/qb/work/butz/svolz67/dev/models/bigProblem
   StdErr=/mnt/qb/work/butz/svolz67/dev/models/bigProblem/svolz.err
   StdIn=/dev/null
   StdOut=/mnt/qb/work/butz/svolz67/dev/models/bigProblem/svolz.out
   Power=
   CpusPerTres=gpu:8
   TresPerNode=gpu:1
   MailUser=sebastien.volz@student.uni-tuebingen.de MailType=FAIL
   NtasksPerTRES:0

JobId=1610971 ArrayJobId=1610969 ArrayTaskId=2 JobName=review.sh
   UserId=svolz67(4458) GroupId=butz(4032) MCS_label=N/A
   Priority=31990 Nice=0 Account=butz QOS=normal
   JobState=RUNNING Reason=None Dependency=(null)
   Requeue=1 Restarts=0 BatchFlag=1 Reboot=0 ExitCode=0:0
   RunTime=00:00:03 TimeLimit=3-00:00:00 TimeMin=N/A
   SubmitTime=2022-07-13T10:21:50 EligibleTime=2022-07-13T10:21:50
   AccrueTime=Unknown
   StartTime=2022-07-13T10:21:50 EndTime=2022-07-16T10:21:50 Deadline=N/A
   PreemptEligibleTime=2022-07-13T10:22:50 PreemptTime=None
   SuspendTime=None SecsPreSuspend=0 LastSchedEval=2022-07-13T10:21:50
   Partition=gpu-2080ti AllocNode:Sid=bg-slurmb-login1:31299
   ReqNodeList=(null) ExcNodeList=(null)
   NodeList=slurm-bm-55
   BatchHost=slurm-bm-55
   NumNodes=1 NumCPUs=8 NumTasks=5 CPUs/Task=1 ReqB:S:C:T=0:0:*:*
   TRES=cpu=8,mem=3G,node=1,billing=2,gres/gpu=1
   Socks/Node=* NtasksPerN:B:S:C=0:0:*:* CoreSpec=*
   MinCPUsNode=1 MinMemoryNode=3G MinTmpDiskNode=0
   Features=(null) DelayBoot=00:00:00
   OverSubscribe=OK Contiguous=0 Licenses=(null) Network=(null)
   Command=/mnt/qb/work/butz/svolz67/dev/models/bigProblem/review.sh
   WorkDir=/mnt/qb/work/butz/svolz67/dev/models/bigProblem
   StdErr=/mnt/qb/work/butz/svolz67/dev/models/bigProblem/svolz.err
   StdIn=/dev/null
   StdOut=/mnt/qb/work/butz/svolz67/dev/models/bigProblem/svolz.out
   Power=
   CpusPerTres=gpu:8
   TresPerNode=gpu:1
   MailUser=sebastien.volz@student.uni-tuebingen.de MailType=FAIL
   NtasksPerTRES:0

JobId=1610970 ArrayJobId=1610969 ArrayTaskId=1 JobName=review.sh
   UserId=svolz67(4458) GroupId=butz(4032) MCS_label=N/A
   Priority=31990 Nice=0 Account=butz QOS=normal
   JobState=RUNNING Reason=None Dependency=(null)
   Requeue=1 Restarts=0 BatchFlag=1 Reboot=0 ExitCode=0:0
   RunTime=00:00:03 TimeLimit=3-00:00:00 TimeMin=N/A
   SubmitTime=2022-07-13T10:21:50 EligibleTime=2022-07-13T10:21:50
   AccrueTime=Unknown
   StartTime=2022-07-13T10:21:50 EndTime=2022-07-16T10:21:50 Deadline=N/A
   PreemptEligibleTime=2022-07-13T10:22:50 PreemptTime=None
   SuspendTime=None SecsPreSuspend=0 LastSchedEval=2022-07-13T10:21:50
   Partition=gpu-2080ti AllocNode:Sid=bg-slurmb-login1:31299
   ReqNodeList=(null) ExcNodeList=(null)
   NodeList=slurm-bm-55
   BatchHost=slurm-bm-55
   NumNodes=1 NumCPUs=8 NumTasks=5 CPUs/Task=1 ReqB:S:C:T=0:0:*:*
   TRES=cpu=8,mem=3G,node=1,billing=2,gres/gpu=1
   Socks/Node=* NtasksPerN:B:S:C=0:0:*:* CoreSpec=*
   MinCPUsNode=1 MinMemoryNode=3G MinTmpDiskNode=0
   Features=(null) DelayBoot=00:00:00
   OverSubscribe=OK Contiguous=0 Licenses=(null) Network=(null)
   Command=/mnt/qb/work/butz/svolz67/dev/models/bigProblem/review.sh
   WorkDir=/mnt/qb/work/butz/svolz67/dev/models/bigProblem
   StdErr=/mnt/qb/work/butz/svolz67/dev/models/bigProblem/svolz.err
   StdIn=/dev/null
   StdOut=/mnt/qb/work/butz/svolz67/dev/models/bigProblem/svolz.out
   Power=
   CpusPerTres=gpu:8
   TresPerNode=gpu:1
   MailUser=sebastien.volz@student.uni-tuebingen.de MailType=FAIL
   NtasksPerTRES:0

node:
slurm-bm-55.novalocal
RUN Script
