/mnt/qb/work/butz/svolz67/dev/models/versions
JOB DATA
JobId=1413379 ArrayJobId=1413379 ArrayTaskId=0 JobName=review.sh
   UserId=svolz67(4458) GroupId=butz(4032) MCS_label=N/A
   Priority=33175 Nice=0 Account=butz QOS=normal
   JobState=RUNNING Reason=None Dependency=(null)
   Requeue=1 Restarts=0 BatchFlag=1 Reboot=0 ExitCode=0:0
   RunTime=00:00:00 TimeLimit=00:30:00 TimeMin=N/A
   SubmitTime=2022-05-10T14:49:11 EligibleTime=2022-05-10T14:49:12
   AccrueTime=Unknown
   StartTime=2022-05-10T14:49:12 EndTime=2022-05-10T15:19:12 Deadline=N/A
   PreemptEligibleTime=2022-05-10T14:50:12 PreemptTime=None
   SuspendTime=None SecsPreSuspend=0 LastSchedEval=2022-05-10T14:49:12
   Partition=gpu-2080ti AllocNode:Sid=bg-slurmb-login1:22791
   ReqNodeList=(null) ExcNodeList=(null)
   NodeList=slurm-bm-42
   BatchHost=slurm-bm-42
   NumNodes=1 NumCPUs=8 NumTasks=1 CPUs/Task=1 ReqB:S:C:T=0:0:*:*
   TRES=cpu=8,mem=3G,node=1,billing=2,gres/gpu=1
   Socks/Node=* NtasksPerN:B:S:C=0:0:*:* CoreSpec=*
   MinCPUsNode=1 MinMemoryNode=3G MinTmpDiskNode=0
   Features=(null) DelayBoot=00:00:00
   OverSubscribe=OK Contiguous=0 Licenses=(null) Network=(null)
   Command=/mnt/qb/work/butz/svolz67/dev/models/versions/review.sh
   WorkDir=/mnt/qb/work/butz/svolz67/dev/models/versions
   StdErr=/mnt/qb/work/butz/svolz67/dev/models/versions/svolz.err
   StdIn=/dev/null
   StdOut=/mnt/qb/work/butz/svolz67/dev/models/versions/svolz.out
   Power=
   CpusPerTres=gpu:8
   TresPerNode=gpu:1
   MailUser=sebastien.volz@student.uni-tuebingen.de MailType=FAIL
   NtasksPerTRES:0

node:
slurm-bm-42.novalocal
RUN Script
0.003385961754247546
0.002479372313246131
0.0020524614956229925
0.0018268040148541331
0.0018299814546480775
0.001397605868987739
0.0016401298344135284
0.0011886850697919726
0.001281807548366487
0.001191575895063579
0.0012232287554070354
0.0011095207883045077
0.0014802905498072505
0.0012437757104635239
0.0010453179711475968
0.0010014907456934452
0.0010558090871199965
0.0013035243609920144
0.0010699506383389235
0.001031288760714233
