/mnt/qb/work/butz/svolz67/dev/models/plots
JOB DATA
JobId=1560436 ArrayJobId=1560436 ArrayTaskId=1 JobName=review.sh
   UserId=svolz67(4458) GroupId=butz(4032) MCS_label=N/A
   Priority=29266 Nice=0 Account=butz QOS=normal
   JobState=RUNNING Reason=None Dependency=(null)
   Requeue=1 Restarts=0 BatchFlag=1 Reboot=0 ExitCode=0:0
   RunTime=00:00:02 TimeLimit=3-00:00:00 TimeMin=N/A
   SubmitTime=2022-06-23T15:24:53 EligibleTime=2022-06-23T15:24:54
   AccrueTime=Unknown
   StartTime=2022-06-23T15:24:54 EndTime=2022-06-26T15:24:54 Deadline=N/A
   PreemptEligibleTime=2022-06-23T15:25:54 PreemptTime=None
   SuspendTime=None SecsPreSuspend=0 LastSchedEval=2022-06-23T15:24:54
   Partition=gpu-2080ti AllocNode:Sid=bg-slurmb-login1:27928
   ReqNodeList=(null) ExcNodeList=(null)
   NodeList=slurm-bm-07
   BatchHost=slurm-bm-07
   NumNodes=1 NumCPUs=8 NumTasks=1 CPUs/Task=1 ReqB:S:C:T=0:0:*:*
   TRES=cpu=8,mem=3G,node=1,billing=2,gres/gpu=1
   Socks/Node=* NtasksPerN:B:S:C=0:0:*:* CoreSpec=*
   MinCPUsNode=1 MinMemoryNode=3G MinTmpDiskNode=0
   Features=(null) DelayBoot=00:00:00
   OverSubscribe=OK Contiguous=0 Licenses=(null) Network=(null)
   Command=/mnt/qb/work/butz/svolz67/dev/models/plots/review.sh
   WorkDir=/mnt/qb/work/butz/svolz67/dev/models/plots
   StdErr=/mnt/qb/work/butz/svolz67/dev/models/plots/svolz.err
   StdIn=/dev/null
   StdOut=/mnt/qb/work/butz/svolz67/dev/models/plots/svolz.out
   Power=
   CpusPerTres=gpu:8
   TresPerNode=gpu:1
   MailUser=sebastien.volz@student.uni-tuebingen.de MailType=FAIL
   NtasksPerTRES:0

node:
slurm-bm-07.novalocal
RUN Script
/mnt/qb/work/butz/svolz67/dev/models/trainedModels/wave/horizon-20-40/baseline/1/1
0.10210516
0.33850437
0.028353568
0.42997685
0.1975332
/mnt/qb/work/butz/svolz67/dev/models/trainedModels/wave/horizon-20-40/baseline/1/1
0.45665804
0.4723116
0.05127183
1.4698355
0.2758412
/mnt/qb/work/butz/svolz67/dev/models/trainedModels/wave/horizon-20-40/baseline/1/1
1.040987
1.0967265
0.6412802
3.1932106
3.3350654
/mnt/qb/work/butz/svolz67/dev/models/trainedModels/wave/horizon-20-40/baseline/1/2
0.024927037
0.058372874
0.029469004
0.026027195
0.036050085
/mnt/qb/work/butz/svolz67/dev/models/trainedModels/wave/horizon-20-40/baseline/1/2
0.029921958
0.07568996
0.17710367
0.0344386
0.0422997
/mnt/qb/work/butz/svolz67/dev/models/trainedModels/wave/horizon-20-40/baseline/1/2
0.2794804
0.41256115
0.60808724
0.36206362
0.22600047
/mnt/qb/work/butz/svolz67/dev/models/trainedModels/wave/horizon-20-40/baseline/1/3
0.03654748
0.035787735
0.026866825
0.058154773
0.03335162
/mnt/qb/work/butz/svolz67/dev/models/trainedModels/wave/horizon-20-40/baseline/1/3
0.04253401
0.03975638
0.03461135
0.09909217
0.042781226
/mnt/qb/work/butz/svolz67/dev/models/trainedModels/wave/horizon-20-40/baseline/1/3
0.33896333
0.3096521
0.37121597
0.41968215
0.35762465
/mnt/qb/work/butz/svolz67/dev/models/trainedModels/wave/horizon-20-40/lateral/0.5/1
4.4470887
11.565221
0.20785943
2.3212318
0.9131476
/mnt/qb/work/butz/svolz67/dev/models/trainedModels/wave/horizon-20-40/lateral/0.5/1
3.0844414
11.507267
0.36305103
1.7643276
1.0037569
/mnt/qb/work/butz/svolz67/dev/models/trainedModels/wave/horizon-20-40/lateral/0.5/1
2.069849
15.310493
9.467595
1.3356992
0.758402
/mnt/qb/work/butz/svolz67/dev/models/trainedModels/wave/horizon-20-40/lateral/0.5/2
0.08646046
1.9753947
2.1549134
0.11232992
0.03715324
/mnt/qb/work/butz/svolz67/dev/models/trainedModels/wave/horizon-20-40/lateral/0.5/2
0.14074777
1.5866654
2.6169512
0.13187128
0.057940498
/mnt/qb/work/butz/svolz67/dev/models/trainedModels/wave/horizon-20-40/lateral/0.5/2
0.81708694
1.2671394
2.0340412
0.6863104
0.39165473
/mnt/qb/work/butz/svolz67/dev/models/trainedModels/wave/horizon-20-40/lateral/0.5/3
0.087011136
4.012759
0.17949045
1.012658
0.81260103
/mnt/qb/work/butz/svolz67/dev/models/trainedModels/wave/horizon-20-40/lateral/0.5/3
0.10739271
2.7904966
0.5027608
1.6364609
0.9663248
/mnt/qb/work/butz/svolz67/dev/models/trainedModels/wave/horizon-20-40/lateral/0.5/3
0.5005964
1.78122
0.81480944
1.3521358
0.995203
/mnt/qb/work/butz/svolz67/dev/models/trainedModels/wave/horizon-20-40/twoLayer/0.5/1
0.032488722
3.9151547
0.5618821
0.57418704
0.9441482
/mnt/qb/work/butz/svolz67/dev/models/trainedModels/wave/horizon-20-40/twoLayer/0.5/1
0.0531851
3.1185296
1.0702709
1.9055464
2.0606868
/mnt/qb/work/butz/svolz67/dev/models/trainedModels/wave/horizon-20-40/twoLayer/0.5/1
0.5994809
2.1317973
1.136835
1.6622634
2.2012675
/mnt/qb/work/butz/svolz67/dev/models/trainedModels/wave/horizon-20-40/twoLayer/0.5/2
0.111076355
0.6417823
1.3243945
0.08420722
1.9046003
/mnt/qb/work/butz/svolz67/dev/models/trainedModels/wave/horizon-20-40/twoLayer/0.5/2
0.10915532
1.1467683
2.6072638
0.08992399
1.5646509
/mnt/qb/work/butz/svolz67/dev/models/trainedModels/wave/horizon-20-40/twoLayer/0.5/2
1.3619654
1.3340575
2.2982275
0.28149635
1.267077
/mnt/qb/work/butz/svolz67/dev/models/trainedModels/wave/horizon-20-40/twoLayer/0.5/3
0.056816116
0.34194905
7.716054
0.32757106
0.114222035
/mnt/qb/work/butz/svolz67/dev/models/trainedModels/wave/horizon-20-40/twoLayer/0.5/3
0.052437145
0.7768979
4.971964
0.75186735
0.12730154
/mnt/qb/work/butz/svolz67/dev/models/trainedModels/wave/horizon-20-40/twoLayer/0.5/3
0.3246991
1.3118205
2.7847881
1.4918942
0.42216903
/mnt/qb/work/butz/svolz67/dev/models/trainedModels/wave/horizon-20-40/skip/0.5/1
0.104954265
0.0519418
0.12552822
0.043350097
0.12120256
/mnt/qb/work/butz/svolz67/dev/models/trainedModels/wave/horizon-20-40/skip/0.5/1
0.14512472
0.083628535
0.10930044
0.054266293
0.11508532
/mnt/qb/work/butz/svolz67/dev/models/trainedModels/wave/horizon-20-40/skip/0.5/1
0.55693215
1.315599
1.1703377
1.1883714
0.4612643
/mnt/qb/work/butz/svolz67/dev/models/trainedModels/wave/horizon-20-40/skip/0.5/2
0.0467401
0.031678293
0.056156006
0.028906545
0.03848361
/mnt/qb/work/butz/svolz67/dev/models/trainedModels/wave/horizon-20-40/skip/0.5/2
0.05274068
0.036921993
0.05436991
0.031713407
0.035919357
/mnt/qb/work/butz/svolz67/dev/models/trainedModels/wave/horizon-20-40/skip/0.5/2
0.3755813
0.4335553
0.40562984
0.39966485
0.3744537
/mnt/qb/work/butz/svolz67/dev/models/trainedModels/wave/horizon-20-40/skip/0.5/3
0.06627208
0.11223781
0.03420764
0.09807379
0.031847198
/mnt/qb/work/butz/svolz67/dev/models/trainedModels/wave/horizon-20-40/skip/0.5/3
0.06448871
0.13700697
0.04166346
0.07626693
0.03404195
/mnt/qb/work/butz/svolz67/dev/models/trainedModels/wave/horizon-20-40/skip/0.5/3
0.38617742
0.44547096
0.3702179
0.43757915
0.5777804
/mnt/qb/work/butz/svolz67/dev/models/trainedModels/wave/horizon-20-40/depthWise/1/1
0.035902955
4.988504
2.2006376
0.04112553
0.63036084
/mnt/qb/work/butz/svolz67/dev/models/trainedModels/wave/horizon-20-40/depthWise/1/1
0.06752996
3.8959758
2.2252417
0.20510568
0.80733013
/mnt/qb/work/butz/svolz67/dev/models/trainedModels/wave/horizon-20-40/depthWise/1/1
0.58436805
2.261427
1.7458291
1.0514877
0.9894305
/mnt/qb/work/butz/svolz67/dev/models/trainedModels/wave/horizon-20-40/depthWise/1/2
0.13366024
0.049526937
0.041565217
0.032717448
0.062356215
/mnt/qb/work/butz/svolz67/dev/models/trainedModels/wave/horizon-20-40/depthWise/1/2
0.18497123
0.07658684
0.060188722
0.050302822
0.09757125
/mnt/qb/work/butz/svolz67/dev/models/trainedModels/wave/horizon-20-40/depthWise/1/2
0.54872316
1.1075075
0.39145496
0.43889508
0.54529506
/mnt/qb/work/butz/svolz67/dev/models/trainedModels/wave/horizon-20-40/depthWise/1/3
0.030769486
0.044823095
0.045998063
0.04279137
0.04921677
/mnt/qb/work/butz/svolz67/dev/models/trainedModels/wave/horizon-20-40/depthWise/1/3
0.04124864
0.0697628
0.05836234
0.06493134
0.07098605
/mnt/qb/work/butz/svolz67/dev/models/trainedModels/wave/horizon-20-40/depthWise/1/3
0.45916447
0.53347266
0.29133034
0.40120733
0.3079361
/mnt/qb/work/butz/svolz67/dev/models/trainedModels/wave/horizon-20-40/baseline/1/1
0.10210516
0.33850437
0.028353568
0.42997685
0.1975332
/mnt/qb/work/butz/svolz67/dev/models/trainedModels/wave/horizon-20-40/baseline/1/1
0.45665804
0.4723116
0.05127183
1.4698355
0.2758412
/mnt/qb/work/butz/svolz67/dev/models/trainedModels/wave/horizon-20-40/baseline/1/1
1.040987
1.0967265
0.6412802
3.1932106
3.3350654
/mnt/qb/work/butz/svolz67/dev/models/trainedModels/wave/horizon-20-40/baseline/1/2
0.024927037
0.058372874
0.029469004
0.026027195
0.036050085
/mnt/qb/work/butz/svolz67/dev/models/trainedModels/wave/horizon-20-40/baseline/1/2
0.029921958
0.07568996
0.17710367
0.0344386
0.0422997
/mnt/qb/work/butz/svolz67/dev/models/trainedModels/wave/horizon-20-40/baseline/1/2
0.2794804
0.41256115
0.60808724
0.36206362
0.22600047
/mnt/qb/work/butz/svolz67/dev/models/trainedModels/wave/horizon-20-40/baseline/1/3
0.03654748
0.035787735
0.026866825
0.058154773
0.03335162
/mnt/qb/work/butz/svolz67/dev/models/trainedModels/wave/horizon-20-40/baseline/1/3
0.04253401
0.03975638
0.03461135
0.09909217
0.042781226
/mnt/qb/work/butz/svolz67/dev/models/trainedModels/wave/horizon-20-40/baseline/1/3
0.33896333
0.3096521
0.37121597
0.41968215
0.35762465
/mnt/qb/work/butz/svolz67/dev/models/trainedModels/wave/horizon-20-40/lateral/1/1
0.02991939
0.034429166
0.027143663
0.049946107
0.054360833
/mnt/qb/work/butz/svolz67/dev/models/trainedModels/wave/horizon-20-40/lateral/1/1
0.04771559
0.07121415
0.036797866
0.07401944
0.071688645
/mnt/qb/work/butz/svolz67/dev/models/trainedModels/wave/horizon-20-40/lateral/1/1
0.91189593
0.62110007
0.35978845
0.5321723
0.7959915
/mnt/qb/work/butz/svolz67/dev/models/trainedModels/wave/horizon-20-40/lateral/1/2
0.036791958
2.8453367
0.057939213
0.02841897
0.028176269
/mnt/qb/work/butz/svolz67/dev/models/trainedModels/wave/horizon-20-40/lateral/1/2
0.04216328
2.0889933
0.070482835
0.03959139
0.03534212
/mnt/qb/work/butz/svolz67/dev/models/trainedModels/wave/horizon-20-40/lateral/1/2
0.5249622
1.4673067
0.47934073
0.50349957
0.49416342
/mnt/qb/work/butz/svolz67/dev/models/trainedModels/wave/horizon-20-40/lateral/1/3
0.29937205
0.07242234
0.038983963
0.030266263
0.049680106
/mnt/qb/work/butz/svolz67/dev/models/trainedModels/wave/horizon-20-40/lateral/1/3
0.75567645
0.088936344
0.048117664
0.033060152
0.12118793
/mnt/qb/work/butz/svolz67/dev/models/trainedModels/wave/horizon-20-40/lateral/1/3
0.93987304
0.56416255
0.42680284
0.35398787
0.51199526
/mnt/qb/work/butz/svolz67/dev/models/trainedModels/wave/horizon-20-40/twoLayer/1/1
1.5334067
0.20909865
1.1438574
3.3186495
0.03008389
/mnt/qb/work/butz/svolz67/dev/models/trainedModels/wave/horizon-20-40/twoLayer/1/1
1.3771023
0.2813314
1.0806243
3.2202945
0.061569724
/mnt/qb/work/butz/svolz67/dev/models/trainedModels/wave/horizon-20-40/twoLayer/1/1
1.5231664
0.568738
1.1940144
5.3667083
0.5694753
/mnt/qb/work/butz/svolz67/dev/models/trainedModels/wave/horizon-20-40/twoLayer/1/2
0.46393254
6.784935
0.10615031
2.9438105
0.023640938
/mnt/qb/work/butz/svolz67/dev/models/trainedModels/wave/horizon-20-40/twoLayer/1/2
0.567605
4.335287
0.37002861
2.1676033
0.03147322
/mnt/qb/work/butz/svolz67/dev/models/trainedModels/wave/horizon-20-40/twoLayer/1/2
0.908233
3.2609286
0.7607337
1.5191998
0.3675249
/mnt/qb/work/butz/svolz67/dev/models/trainedModels/wave/horizon-20-40/twoLayer/1/3
0.02360599
0.18145132
9.646685
0.029257638
0.31505096
/mnt/qb/work/butz/svolz67/dev/models/trainedModels/wave/horizon-20-40/twoLayer/1/3
0.025240498
0.22990583
6.0321445
0.0323874
0.82305074
/mnt/qb/work/butz/svolz67/dev/models/trainedModels/wave/horizon-20-40/twoLayer/1/3
0.2941357
0.52587765
3.1445172
0.20780924
1.0689827
/mnt/qb/work/butz/svolz67/dev/models/trainedModels/wave/horizon-20-40/skip/1/1
1.6402516
2.1944067
0.09637423
1.4726129
0.029008677
/mnt/qb/work/butz/svolz67/dev/models/trainedModels/wave/horizon-20-40/skip/1/1
2.553153
1.8017248
0.10864029
1.7166464
0.0362409
/mnt/qb/work/butz/svolz67/dev/models/trainedModels/wave/horizon-20-40/skip/1/1
2.1732614
1.6620337
0.7326539
2.2242548
0.43957862
/mnt/qb/work/butz/svolz67/dev/models/trainedModels/wave/horizon-20-40/skip/1/2
0.024505366
0.026707545
0.05577604
0.04194461
0.9803096
/mnt/qb/work/butz/svolz67/dev/models/trainedModels/wave/horizon-20-40/skip/1/2
0.028827943
0.028075853
0.07554765
0.05605505
1.4118935
/mnt/qb/work/butz/svolz67/dev/models/trainedModels/wave/horizon-20-40/skip/1/2
0.4603338
0.38124004
0.68640494
0.45617473
1.2918713
/mnt/qb/work/butz/svolz67/dev/models/trainedModels/wave/horizon-20-40/skip/1/3
0.040880073
2.6764476
0.044259075
1.0716846
0.03289557
/mnt/qb/work/butz/svolz67/dev/models/trainedModels/wave/horizon-20-40/skip/1/3
0.04922122
2.2318573
0.05358931
1.5443127
0.049896065
/mnt/qb/work/butz/svolz67/dev/models/trainedModels/wave/horizon-20-40/skip/1/3
0.402268
1.5906552
0.6848306
1.2542009
0.45187375
/mnt/qb/work/butz/svolz67/dev/models/trainedModels/wave/horizon-20-40/depthWise/2/1
0.4404674
0.02775632
8.845653
3.0194268
0.25881258
/mnt/qb/work/butz/svolz67/dev/models/trainedModels/wave/horizon-20-40/depthWise/2/1
0.6676584
0.29954907
9.89164
2.5514789
0.2856398
/mnt/qb/work/butz/svolz67/dev/models/trainedModels/wave/horizon-20-40/depthWise/2/1
1.1245259
0.64248055
4.8438954
1.6720427
0.6086747
/mnt/qb/work/butz/svolz67/dev/models/trainedModels/wave/horizon-20-40/depthWise/2/2
0.055417974
0.049781166
0.06656733
0.10541388
0.034642063
/mnt/qb/work/butz/svolz67/dev/models/trainedModels/wave/horizon-20-40/depthWise/2/2
0.070674755
0.058983847
0.10928412
0.60413796
0.057752885
/mnt/qb/work/butz/svolz67/dev/models/trainedModels/wave/horizon-20-40/depthWise/2/2
0.5088953
0.29757765
0.3281471
0.9127256
0.66663975
/mnt/qb/work/butz/svolz67/dev/models/trainedModels/wave/horizon-20-40/depthWise/2/3
0.038586363
0.06685635
0.7926841
0.040376715
0.038677704
/mnt/qb/work/butz/svolz67/dev/models/trainedModels/wave/horizon-20-40/depthWise/2/3
0.04896435
0.08794486
1.248716
0.05017874
0.04648481
/mnt/qb/work/butz/svolz67/dev/models/trainedModels/wave/horizon-20-40/depthWise/2/3
0.37671256
0.48853436
1.2363758
0.38833618
0.28832775
/mnt/qb/work/butz/svolz67/dev/models/trainedModels/wave/horizon-20-40/baseline/1/1
0.10210516
0.33850437
0.028353568
0.42997685
0.1975332
/mnt/qb/work/butz/svolz67/dev/models/trainedModels/wave/horizon-20-40/baseline/1/1
0.45665804
0.4723116
0.05127183
1.4698355
0.2758412
/mnt/qb/work/butz/svolz67/dev/models/trainedModels/wave/horizon-20-40/baseline/1/1
1.040987
1.0967265
0.6412802
3.1932106
3.3350654
/mnt/qb/work/butz/svolz67/dev/models/trainedModels/wave/horizon-20-40/baseline/1/2
0.024927037
0.058372874
0.029469004
0.026027195
0.036050085
/mnt/qb/work/butz/svolz67/dev/models/trainedModels/wave/horizon-20-40/baseline/1/2
0.029921958
0.07568996
0.17710367
0.0344386
0.0422997
/mnt/qb/work/butz/svolz67/dev/models/trainedModels/wave/horizon-20-40/baseline/1/2
0.2794804
0.41256115
0.60808724
0.36206362
0.22600047
/mnt/qb/work/butz/svolz67/dev/models/trainedModels/wave/horizon-20-40/baseline/1/3
0.03654748
0.035787735
0.026866825
0.058154773
0.03335162
/mnt/qb/work/butz/svolz67/dev/models/trainedModels/wave/horizon-20-40/baseline/1/3
0.04253401
0.03975638
0.03461135
0.09909217
0.042781226
/mnt/qb/work/butz/svolz67/dev/models/trainedModels/wave/horizon-20-40/baseline/1/3
0.33896333
0.3096521
0.37121597
0.41968215
0.35762465
/mnt/qb/work/butz/svolz67/dev/models/trainedModels/wave/horizon-20-40/lateral/2/1
0.1383545
9.6415825
5.326767
4.5783677
0.039708376
/mnt/qb/work/butz/svolz67/dev/models/trainedModels/wave/horizon-20-40/lateral/2/1
0.4419148
7.4619136
3.5289252
3.1510603
0.037675526
/mnt/qb/work/butz/svolz67/dev/models/trainedModels/wave/horizon-20-40/lateral/2/1
1.0553987
5.188721
2.0632699
1.909319
0.54591
/mnt/qb/work/butz/svolz67/dev/models/trainedModels/wave/horizon-20-40/lateral/2/2
0.03711851
1.6487851
0.031796668
0.03924384
0.03751574
/mnt/qb/work/butz/svolz67/dev/models/trainedModels/wave/horizon-20-40/lateral/2/2
0.04159806
1.5683608
0.041531675
0.047509756
0.039585747
/mnt/qb/work/butz/svolz67/dev/models/trainedModels/wave/horizon-20-40/lateral/2/2
0.37249273
1.2776904
0.5865946
0.5379567
0.31820583
/mnt/qb/work/butz/svolz67/dev/models/trainedModels/wave/horizon-20-40/lateral/2/3
0.023649307
0.027640149
0.026649114
0.20287992
0.026643386
/mnt/qb/work/butz/svolz67/dev/models/trainedModels/wave/horizon-20-40/lateral/2/3
0.027850287
0.03651978
0.032517243
0.3152547
0.030806845
/mnt/qb/work/butz/svolz67/dev/models/trainedModels/wave/horizon-20-40/lateral/2/3
0.4112021
0.4945243
0.46905077
0.8073083
0.4630411
/mnt/qb/work/butz/svolz67/dev/models/trainedModels/wave/horizon-20-40/twoLayer/2/1
0.032234073
0.35576984
0.038984746
0.02581555
0.54051733
/mnt/qb/work/butz/svolz67/dev/models/trainedModels/wave/horizon-20-40/twoLayer/2/1
0.067548275
0.44786787
0.077204295
0.04524019
0.5909147
/mnt/qb/work/butz/svolz67/dev/models/trainedModels/wave/horizon-20-40/twoLayer/2/1
0.818387
0.7412343
0.97658795
0.4461229
0.74801505
/mnt/qb/work/butz/svolz67/dev/models/trainedModels/wave/horizon-20-40/twoLayer/2/2
4.4056754
2.461731
2.7915063
0.8753665
1.5863863
/mnt/qb/work/butz/svolz67/dev/models/trainedModels/wave/horizon-20-40/twoLayer/2/2
3.3737369
2.7251518
3.0032496
0.9752824
1.6098421
/mnt/qb/work/butz/svolz67/dev/models/trainedModels/wave/horizon-20-40/twoLayer/2/2
2.0019913
1.8105681
1.9328254
1.2469074
2.6176996
/mnt/qb/work/butz/svolz67/dev/models/trainedModels/wave/horizon-20-40/twoLayer/2/3
3.084562
0.023898477
0.20075457
0.20274939
0.026685286
/mnt/qb/work/butz/svolz67/dev/models/trainedModels/wave/horizon-20-40/twoLayer/2/3
2.3199313
0.028814677
0.35040635
0.27407348
0.0327714
/mnt/qb/work/butz/svolz67/dev/models/trainedModels/wave/horizon-20-40/twoLayer/2/3
1.6098244
0.38930807
0.75789946
0.7024537
0.30295417
/mnt/qb/work/butz/svolz67/dev/models/trainedModels/wave/horizon-20-40/skip/2/1
0.060041152
0.038247153
3.4344516
0.09288048
0.046607003
/mnt/qb/work/butz/svolz67/dev/models/trainedModels/wave/horizon-20-40/skip/2/1
0.10111559
0.26007453
5.210358
0.13311401
0.087530464
/mnt/qb/work/butz/svolz67/dev/models/trainedModels/wave/horizon-20-40/skip/2/1
0.8964168
1.4553989
4.8183784
0.5969513
1.6733478
/mnt/qb/work/butz/svolz67/dev/models/trainedModels/wave/horizon-20-40/skip/2/2
2.9840581
0.029782275
0.031441163
2.2026777
0.089568704
/mnt/qb/work/butz/svolz67/dev/models/trainedModels/wave/horizon-20-40/skip/2/2
2.926082
0.0353256
0.041565783
2.5246413
0.11055534
/mnt/qb/work/butz/svolz67/dev/models/trainedModels/wave/horizon-20-40/skip/2/2
2.0305693
0.49047387
0.45370254
1.8988223
0.5059501
/mnt/qb/work/butz/svolz67/dev/models/trainedModels/wave/horizon-20-40/skip/2/3
0.03228472
0.46553496
0.024277985
3.5133932
0.04878399
/mnt/qb/work/butz/svolz67/dev/models/trainedModels/wave/horizon-20-40/skip/2/3
0.037483294
0.622344
0.027487477
4.0678177
0.047102753
/mnt/qb/work/butz/svolz67/dev/models/trainedModels/wave/horizon-20-40/skip/2/3
0.3239491
0.85621643
0.31017
4.477741
0.40058812
/mnt/qb/work/butz/svolz67/dev/models/trainedModels/wave/horizon-20-40/depthWise/4/1
0.1130461
0.092989154
6.7087283
0.05018837
0.48756644
/mnt/qb/work/butz/svolz67/dev/models/trainedModels/wave/horizon-20-40/depthWise/4/1
0.31264186
0.14423186
4.5505395
0.06148371
0.8845949
/mnt/qb/work/butz/svolz67/dev/models/trainedModels/wave/horizon-20-40/depthWise/4/1
1.1078755
0.69684696
3.7341413
0.33029965
1.9520069
/mnt/qb/work/butz/svolz67/dev/models/trainedModels/wave/horizon-20-40/depthWise/4/2
0.04064612
0.05904832
0.032348365
0.03381445
0.03094439
/mnt/qb/work/butz/svolz67/dev/models/trainedModels/wave/horizon-20-40/depthWise/4/2
0.04803729
0.1304589
0.04125729
0.13311924
0.046702024
/mnt/qb/work/butz/svolz67/dev/models/trainedModels/wave/horizon-20-40/depthWise/4/2
0.22870098
0.47484028
0.34644172
0.4036546
0.45490727
/mnt/qb/work/butz/svolz67/dev/models/trainedModels/wave/horizon-20-40/depthWise/4/3
0.049685847
0.03789065
0.034398463
0.09422237
0.032588392
/mnt/qb/work/butz/svolz67/dev/models/trainedModels/wave/horizon-20-40/depthWise/4/3
0.062482156
0.043197863
0.043631162
0.3847372
0.041460022
/mnt/qb/work/butz/svolz67/dev/models/trainedModels/wave/horizon-20-40/depthWise/4/3
0.33030593
0.325644
0.39875507
0.8459524
0.3260187
         name  mult  param    loss40    loss70   loss170  smoothness
0    baseline   1.0      1  0.219295  0.545184  1.861454    0.000020
1    baseline   1.0      2  0.034969  0.071891  0.377639    0.000002
2    baseline   1.0      3  0.038142  0.051755  0.359428    0.000001
3     lateral   0.5      1  3.890910  3.544569  5.788408    0.000013
4     lateral   0.5      2  0.873250  0.906835  1.039247    0.000006
5     lateral   0.5      3  1.220904  1.200687  1.088793    0.000004
6    twoLayer   0.5      1  1.205572  1.641644  1.546329    0.000010
7    twoLayer   0.5      2  0.813212  1.103552  1.308565    0.000008
8    twoLayer   0.5      3  1.711322  1.336094  1.267074    0.000110
9        skip   0.5      1  0.089395  0.101481  0.938501    0.000008
10       skip   0.5      2  0.040393  0.042333  0.397777    0.000003
11       skip   0.5      3  0.068528  0.070694  0.443445    0.000003
12  depthWise   1.0      1  1.579306  1.440237  1.326509    0.000011
13  depthWise   1.0      2  0.063965  0.093924  0.606375    0.000003
14  depthWise   1.0      3  0.042720  0.061058  0.398622    0.000002
15   baseline   1.0      1  0.219295  0.545184  1.861454    0.000020
16   baseline   1.0      2  0.034969  0.071891  0.377639    0.000002
17   baseline   1.0      3  0.038142  0.051755  0.359428    0.000001
18    lateral   1.0      1  0.039160  0.060287  0.644190    0.000006
19    lateral   1.0      2  0.599333  0.455315  0.693855    0.000003
20    lateral   1.0      3  0.098145  0.209396  0.559364    0.000003
21   twoLayer   1.0      1  1.247019  1.204184  1.844420    0.000015
22   twoLayer   1.0      2  2.064494  1.494399  1.363324    0.000005
23   twoLayer   1.0      3  2.039210  1.428546  1.048265    0.000012
24       skip   1.0      1  1.086531  1.243281  1.446357    0.000011
25       skip   1.0      2  0.225849  0.320080  0.655205    0.000003
26       skip   1.0      3  0.773233  0.785775  0.876766    0.000007
27  depthWise   2.0      1  2.518423  2.739193  1.778324    0.000010
28  depthWise   2.0      2  0.062364  0.180167  0.542797    0.000003
29  depthWise   2.0      3  0.195436  0.296458  0.555657    0.000001
30   baseline   1.0      1  0.219295  0.545184  1.861454    0.000020
31   baseline   1.0      2  0.034969  0.071891  0.377639    0.000002
32   baseline   1.0      3  0.038142  0.051755  0.359428    0.000001
33    lateral   2.0      1  3.944956  2.924298  2.152524    0.000007
34    lateral   2.0      2  0.358892  0.347717  0.618588    0.000004
35    lateral   2.0      3  0.061492  0.088590  0.529025    0.000002
36   twoLayer   2.0      1  0.198664  0.245755  0.746069    0.000033
37   twoLayer   2.0      2  2.424133  2.337453  1.921998    0.000096
38   twoLayer   2.0      3  0.707730  0.601200  0.752488    0.000004
39       skip   2.0      1  0.734445  1.158439  1.888099    0.000011
40       skip   2.0      2  1.067506  1.127634  1.075904    0.000003
41       skip   2.0      3  0.816855  0.960447  1.273733    0.000001
42  depthWise   4.0      1  1.490504  1.190698  1.564234    0.000010
43  depthWise   4.0      2  0.039360  0.079915  0.381709    0.000003
44  depthWise   4.0      3  0.049757  0.115102  0.445335    0.000001
