/mnt/qb/work/butz/svolz67/dev/models/LSTMwithSin
JOB DATA
JobId=1401392 ArrayJobId=1401392 ArrayTaskId=0 JobName=review.sh
   UserId=svolz67(4458) GroupId=butz(4032) MCS_label=N/A
   Priority=39476 Nice=0 Account=butz QOS=normal
   JobState=RUNNING Reason=None Dependency=(null)
   Requeue=1 Restarts=0 BatchFlag=1 Reboot=0 ExitCode=0:0
   RunTime=00:00:01 TimeLimit=00:30:00 TimeMin=N/A
   SubmitTime=2022-05-04T15:48:23 EligibleTime=2022-05-04T15:48:23
   AccrueTime=Unknown
   StartTime=2022-05-04T15:48:23 EndTime=2022-05-04T16:18:23 Deadline=N/A
   PreemptEligibleTime=2022-05-04T15:49:23 PreemptTime=None
   SuspendTime=None SecsPreSuspend=0 LastSchedEval=2022-05-04T15:48:23
   Partition=gpu-2080ti AllocNode:Sid=bg-slurmb-login1:6008
   ReqNodeList=(null) ExcNodeList=(null)
   NodeList=slurm-bm-17
   BatchHost=slurm-bm-17
   NumNodes=1 NumCPUs=8 NumTasks=1 CPUs/Task=1 ReqB:S:C:T=0:0:*:*
   TRES=cpu=8,mem=3G,node=1,billing=2,gres/gpu=1
   Socks/Node=* NtasksPerN:B:S:C=0:0:*:* CoreSpec=*
   MinCPUsNode=1 MinMemoryNode=3G MinTmpDiskNode=0
   Features=(null) DelayBoot=00:00:00
   OverSubscribe=OK Contiguous=0 Licenses=(null) Network=(null)
   Command=/mnt/qb/work/butz/svolz67/dev/models/LSTMwithSin/review.sh
   WorkDir=/mnt/qb/work/butz/svolz67/dev/models/LSTMwithSin
   StdErr=/mnt/qb/work/butz/svolz67/dev/models/LSTMwithSin/svolz.err
   StdIn=/dev/null
   StdOut=/mnt/qb/work/butz/svolz67/dev/models/LSTMwithSin/svolz.out
   Power=
   CpusPerTres=gpu:8
   TresPerNode=gpu:1
   MailUser=sebastien.volz@student.uni-tuebingen.de MailType=FAIL
   NtasksPerTRES:0

node:
slurm-bm-17.novalocal
RUN Script
[0.4814447140371631, 0.4671957219778227, 0.452024350390035, 0.438454437618935, 0.4234217861729588, 0.40800809073364297, 0.38895468715089404, 0.37101681540288967, 0.3585680006026611, 0.34078229080283234, 0.31984727057995477, 0.30448383689502745, 0.29009335120044105, 0.2732614597375997, 0.25958753874756235, 0.24499700429615434, 0.23292128537614842, 0.21880521037193432, 0.2014507203098914, 0.18871025003768083, 0.16435130134896425, 0.14881258200788147, 0.13493745281547326, 0.12189959752860596, 0.11073722110379894, 0.10101173727142641, 0.09246025561832924, 0.08504413371367826, 0.07823668342624261, 0.07273923578880305, 0.06805888976485111, 0.06482946302356216, 0.062414544589632394, 0.05994978938130431, 0.057998401454655346, 0.056997285352568705, 0.05686900666493647, 0.055594369763938674, 0.053494795662715255, 0.051047765686636576, 0.0478338193497838, 0.04452608054949355, 0.041426968686569726, 0.03847129471082434, 0.035957044265322556, 0.0338982058621288, 0.03192517816933014, 0.0303016352967044, 0.028685240422808178, 0.027533057032628584, 0.025615734295832564, 0.027316420782701772, 0.025770303444123475, 0.023590485093613764, 0.021559309734627878, 0.01988714479617739, 0.02057305078076796, 0.01706889144190711, 0.016128672241662704, 0.015334992130218873, 0.014441929710072639, 0.013643820485433512, 0.012728856056314445, 0.011982025450141586, 0.011360551690764201, 0.010828217780536411, 0.010404115477523297, 0.009961825136540882, 0.009302262270940196, 0.008874493349724852, 0.008448695589061722, 0.0080659261175187, 0.007708033996881676, 0.007372264311345686, 0.0070615287945142435, 0.0067929671521901455, 0.0065521950270741565, 0.006329509209875787, 0.006122192370321178, 0.005938344078618151, 0.005776375134694937, 0.005650573464100446, 0.005504086998954327, 0.005374682219254373, 0.005243992508567154, 0.00511005770292421, 0.0049737834774680285, 0.004850944600241225, 0.004749473928644875, 0.004650234540821707, 0.0045698493679355206, 0.004497578179636141, 0.00442771463475926, 0.004357921942367364, 0.004288550610106288, 0.004221592592764602, 0.0041588057235038564, 0.004104294224484982, 0.004048544745612815, 0.0039984931922530265, 0.003950675320774478, 0.003905191514309201, 0.0038629247956920056, 0.0038248240786019215, 0.0037912054106670604, 0.0037614914368381733, 0.0037344948321008454, 0.003708991952876697, 0.0036842005992367972, 0.0036599329011889467, 0.0036365250755433995, 0.0036145620089555637, 0.0035944304749472877, 0.003575848218499192, 0.0035583861779651246, 0.0035415260438460224, 0.0035249334828799965, 0.00350851692590245, 0.003492333599213786, 0.0034764332596543455, 0.0034607233429899166, 0.003444584301463928, 0.003430269281483485, 0.0034146508929535106, 0.0033988532982229215, 0.003384187297944897, 0.0033680463555894077, 0.003353269683022913, 0.0033388434760598875, 0.00332465285384386, 0.0033105956105622114, 0.0032966338840680603, 0.003282796615398403, 0.003269144113549427, 0.0032557229066870062, 0.003242539842462502, 0.003229566555202067, 0.003216763980616479, 0.0032041061907767667, 0.0031915879521527634, 0.0031792147217893857, 0.0031669861682694198, 0.0031548868608234143, 0.003142890484667599, 0.0031309731284901113, 0.0031191604993169686, 0.003107395067117588, 0.0030957341888618872, 0.003084219319537485, 0.003072941314771091] [0.4574170615040699, 0.4461110570850604, 0.43655329010129323, 0.4249157425549533, 0.4109663935873533, 0.39419293886744494, 0.3755404192866066, 0.3591019413191846, 0.34222867767159154, 0.32519736239905717, 0.3086355713333708, 0.2926341467787365, 0.2769728199352515, 0.2614752908092201, 0.24586798874106838, 0.2295955100815397, 0.21195465409345995, 0.19380600953125615, 0.17398275375179523, 0.15617098656416417, 0.14022806365981108, 0.12606091999711833, 0.11333917612824222, 0.10325363861741083, 0.09430478927375953, 0.08625371163770414, 0.07923384064375022, 0.0730625730141162, 0.06764000644836794, 0.06305759539445012, 0.05954463878298147, 0.05730608452111265, 0.05508877324670824, 0.053916778170928346, 0.05305640578438664, 0.05226917275171591, 0.051153270379676236, 0.049466610798726905, 0.04715857219149372, 0.04429675148813931, 0.04098956131494588, 0.03785343470851238, 0.034980394938458274, 0.03247423219977677, 0.030434885663401818, 0.028489809254841243, 0.02689556611299329, 0.025323014206973776, 0.023740647896168823, 0.022222058555560746, 0.024239329774461117, 0.022726024663404502, 0.020679365244845677, 0.01842313645447257, 0.016709229245021502, 0.018510712596641676, 0.014909456373008487, 0.013982537749203956, 0.01319232288196905, 0.012304834566021225, 0.011356126586573973, 0.010498939929101107, 0.00979012438474386, 0.009198212952997832, 0.00869036783020605, 0.008238083378546337, 0.007816447770244662, 0.007400880289884514, 0.006973758659364807, 0.006561828549146845, 0.006199951542424337, 0.0058896044481571656, 0.005525461166715711, 0.005251786026267069, 0.005020830921223445, 0.004803586763852989, 0.004598812811313813, 0.004409382954505415, 0.004238950517103924, 0.004089213369734051, 0.003957246936124125, 0.0038359827451667004, 0.0037159712128197633, 0.003592205341475993, 0.0034654075617873235, 0.003340686856948621, 0.0032251813907849206, 0.00312413654768342, 0.003038546537505274, 0.002965156516398499, 0.002898263807950085, 0.002832850515310411, 0.00276669882389021, 0.0027005218784690484, 0.002636613473946791, 0.0025771622940900765, 0.0025230455155706463, 0.002473686806889597, 0.002427829113383976, 0.002384559708932456, 0.0023438850426058242, 0.0023065479400383986, 0.0022733363296543172, 0.0022444040498391794, 0.002219030598495926, 0.0021959138112817617, 0.0021737635842189675, 0.0021518319380646454, 0.002130106709033897, 0.002109119032513211, 0.0020895213634439217, 0.0020716872851474248, 0.002055551943149153, 0.002040719914739435, 0.0020267193628464224, 0.0020132250121961326, 0.0020001275186403516, 0.0019874481013656955, 0.0019751935683133704, 0.0019632642372480512, 0.001951467998568394, 0.0019396096715090512, 0.0019276546090355152, 0.001915681692624989, 0.0019038604003800397, 0.0018923772986386268, 0.0018813000643933514, 0.0018705913645131176, 0.0018601410775443152, 0.0018498390559425477, 0.0018396295987485876, 0.0018295201875509184, 0.0018195503986699502, 0.001809750286716661, 0.0018001176219365062, 0.0017906247098804422, 0.001781243798211118, 0.0017719698295228506, 0.0017628249399863974, 0.0017538440332043647, 0.0017450535495392226, 0.0017364581191006304, 0.0017280421297250438, 0.0017197821835861565, 0.0017116599498539881, 0.0017036669950968538, 0.0016957994191013396, 0.0016880495783986027, 0.0016804014736602514, 0.0016728352254353363]
