/mnt/qb/work/butz/svolz67/dev/models/bias
JOB DATA
JobId=1495766 ArrayJobId=1495766 ArrayTaskId=5 JobName=review.sh
   UserId=svolz67(4458) GroupId=butz(4032) MCS_label=N/A
   Priority=38204 Nice=0 Account=butz QOS=normal
   JobState=RUNNING Reason=None Dependency=(null)
   Requeue=1 Restarts=0 BatchFlag=1 Reboot=0 ExitCode=0:0
   RunTime=00:00:01 TimeLimit=12:00:00 TimeMin=N/A
   SubmitTime=2022-06-05T09:45:37 EligibleTime=2022-06-05T09:45:37
   AccrueTime=Unknown
   StartTime=2022-06-05T09:45:37 EndTime=2022-06-05T21:45:37 Deadline=N/A
   PreemptEligibleTime=2022-06-05T09:46:37 PreemptTime=None
   SuspendTime=None SecsPreSuspend=0 LastSchedEval=2022-06-05T09:45:37
   Partition=gpu-2080ti AllocNode:Sid=bg-slurmb-login1:14025
   ReqNodeList=(null) ExcNodeList=(null)
   NodeList=slurm-bm-16
   BatchHost=slurm-bm-16
   NumNodes=1 NumCPUs=8 NumTasks=5 CPUs/Task=1 ReqB:S:C:T=0:0:*:*
   TRES=cpu=8,mem=3G,node=1,billing=2,gres/gpu=1
   Socks/Node=* NtasksPerN:B:S:C=0:0:*:* CoreSpec=*
   MinCPUsNode=1 MinMemoryNode=3G MinTmpDiskNode=0
   Features=(null) DelayBoot=00:00:00
   OverSubscribe=OK Contiguous=0 Licenses=(null) Network=(null)
   Command=/mnt/qb/work/butz/svolz67/dev/models/bias/review.sh
   WorkDir=/mnt/qb/work/butz/svolz67/dev/models/bias
   StdErr=/mnt/qb/work/butz/svolz67/dev/models/bias/svolz.err
   StdIn=/dev/null
   StdOut=/mnt/qb/work/butz/svolz67/dev/models/bias/svolz.out
   Power=
   CpusPerTres=gpu:8
   TresPerNode=gpu:1
   MailUser=sebastien.volz@student.uni-tuebingen.de MailType=FAIL
   NtasksPerTRES:0

JobId=1495770 ArrayJobId=1495766 ArrayTaskId=4 JobName=review.sh
   UserId=svolz67(4458) GroupId=butz(4032) MCS_label=N/A
   Priority=38204 Nice=0 Account=butz QOS=normal
   JobState=RUNNING Reason=None Dependency=(null)
   Requeue=1 Restarts=0 BatchFlag=1 Reboot=0 ExitCode=0:0
   RunTime=00:00:01 TimeLimit=12:00:00 TimeMin=N/A
   SubmitTime=2022-06-05T09:45:37 EligibleTime=2022-06-05T09:45:37
   AccrueTime=Unknown
   StartTime=2022-06-05T09:45:37 EndTime=2022-06-05T21:45:37 Deadline=N/A
   PreemptEligibleTime=2022-06-05T09:46:37 PreemptTime=None
   SuspendTime=None SecsPreSuspend=0 LastSchedEval=2022-06-05T09:45:37
   Partition=gpu-2080ti AllocNode:Sid=bg-slurmb-login1:14025
   ReqNodeList=(null) ExcNodeList=(null)
   NodeList=slurm-bm-51
   BatchHost=slurm-bm-51
   NumNodes=1 NumCPUs=8 NumTasks=5 CPUs/Task=1 ReqB:S:C:T=0:0:*:*
   TRES=cpu=8,mem=3G,node=1,billing=2,gres/gpu=1
   Socks/Node=* NtasksPerN:B:S:C=0:0:*:* CoreSpec=*
   MinCPUsNode=1 MinMemoryNode=3G MinTmpDiskNode=0
   Features=(null) DelayBoot=00:00:00
   OverSubscribe=OK Contiguous=0 Licenses=(null) Network=(null)
   Command=/mnt/qb/work/butz/svolz67/dev/models/bias/review.sh
   WorkDir=/mnt/qb/work/butz/svolz67/dev/models/bias
   StdErr=/mnt/qb/work/butz/svolz67/dev/models/bias/svolz.err
   StdIn=/dev/null
   StdOut=/mnt/qb/work/butz/svolz67/dev/models/bias/svolz.out
   Power=
   CpusPerTres=gpu:8
   TresPerNode=gpu:1
   MailUser=sebastien.volz@student.uni-tuebingen.de MailType=FAIL
   NtasksPerTRES:0

JobId=1495769 ArrayJobId=1495766 ArrayTaskId=3 JobName=review.sh
   UserId=svolz67(4458) GroupId=butz(4032) MCS_label=N/A
   Priority=38204 Nice=0 Account=butz QOS=normal
   JobState=RUNNING Reason=None Dependency=(null)
   Requeue=1 Restarts=0 BatchFlag=1 Reboot=0 ExitCode=0:0
   RunTime=00:00:01 TimeLimit=12:00:00 TimeMin=N/A
   SubmitTime=2022-06-05T09:45:37 EligibleTime=2022-06-05T09:45:37
   AccrueTime=Unknown
   StartTime=2022-06-05T09:45:37 EndTime=2022-06-05T21:45:37 Deadline=N/A
   PreemptEligibleTime=2022-06-05T09:46:37 PreemptTime=None
   SuspendTime=None SecsPreSuspend=0 LastSchedEval=2022-06-05T09:45:37
   Partition=gpu-2080ti AllocNode:Sid=bg-slurmb-login1:14025
   ReqNodeList=(null) ExcNodeList=(null)
   NodeList=slurm-bm-38
   BatchHost=slurm-bm-38
   NumNodes=1 NumCPUs=8 NumTasks=5 CPUs/Task=1 ReqB:S:C:T=0:0:*:*
   TRES=cpu=8,mem=3G,node=1,billing=2,gres/gpu=1
   Socks/Node=* NtasksPerN:B:S:C=0:0:*:* CoreSpec=*
   MinCPUsNode=1 MinMemoryNode=3G MinTmpDiskNode=0
   Features=(null) DelayBoot=00:00:00
   OverSubscribe=OK Contiguous=0 Licenses=(null) Network=(null)
   Command=/mnt/qb/work/butz/svolz67/dev/models/bias/review.sh
   WorkDir=/mnt/qb/work/butz/svolz67/dev/models/bias
   StdErr=/mnt/qb/work/butz/svolz67/dev/models/bias/svolz.err
   StdIn=/dev/null
   StdOut=/mnt/qb/work/butz/svolz67/dev/models/bias/svolz.out
   Power=
   CpusPerTres=gpu:8
   TresPerNode=gpu:1
   MailUser=sebastien.volz@student.uni-tuebingen.de MailType=FAIL
   NtasksPerTRES:0

JobId=1495768 ArrayJobId=1495766 ArrayTaskId=2 JobName=review.sh
   UserId=svolz67(4458) GroupId=butz(4032) MCS_label=N/A
   Priority=38204 Nice=0 Account=butz QOS=normal
   JobState=RUNNING Reason=None Dependency=(null)
   Requeue=1 Restarts=0 BatchFlag=1 Reboot=0 ExitCode=0:0
   RunTime=00:00:01 TimeLimit=12:00:00 TimeMin=N/A
   SubmitTime=2022-06-05T09:45:37 EligibleTime=2022-06-05T09:45:37
   AccrueTime=Unknown
   StartTime=2022-06-05T09:45:37 EndTime=2022-06-05T21:45:37 Deadline=N/A
   PreemptEligibleTime=2022-06-05T09:46:37 PreemptTime=None
   SuspendTime=None SecsPreSuspend=0 LastSchedEval=2022-06-05T09:45:37
   Partition=gpu-2080ti AllocNode:Sid=bg-slurmb-login1:14025
   ReqNodeList=(null) ExcNodeList=(null)
   NodeList=bg-slurmb-bm-3
   BatchHost=bg-slurmb-bm-3
   NumNodes=1 NumCPUs=8 NumTasks=5 CPUs/Task=1 ReqB:S:C:T=0:0:*:*
   TRES=cpu=8,mem=3G,node=1,billing=2,gres/gpu=1
   Socks/Node=* NtasksPerN:B:S:C=0:0:*:* CoreSpec=*
   MinCPUsNode=1 MinMemoryNode=3G MinTmpDiskNode=0
   Features=(null) DelayBoot=00:00:00
   OverSubscribe=OK Contiguous=0 Licenses=(null) Network=(null)
   Command=/mnt/qb/work/butz/svolz67/dev/models/bias/review.sh
   WorkDir=/mnt/qb/work/butz/svolz67/dev/models/bias
   StdErr=/mnt/qb/work/butz/svolz67/dev/models/bias/svolz.err
   StdIn=/dev/null
   StdOut=/mnt/qb/work/butz/svolz67/dev/models/bias/svolz.out
   Power=
   CpusPerTres=gpu:8
   TresPerNode=gpu:1
   MailUser=sebastien.volz@student.uni-tuebingen.de MailType=FAIL
   NtasksPerTRES:0

JobId=1495767 ArrayJobId=1495766 ArrayTaskId=1 JobName=review.sh
   UserId=svolz67(4458) GroupId=butz(4032) MCS_label=N/A
   Priority=38204 Nice=0 Account=butz QOS=normal
   JobState=RUNNING Reason=None Dependency=(null)
   Requeue=1 Restarts=0 BatchFlag=1 Reboot=0 ExitCode=0:0
   RunTime=00:00:01 TimeLimit=12:00:00 TimeMin=N/A
   SubmitTime=2022-06-05T09:45:37 EligibleTime=2022-06-05T09:45:37
   AccrueTime=Unknown
   StartTime=2022-06-05T09:45:37 EndTime=2022-06-05T21:45:37 Deadline=N/A
   PreemptEligibleTime=2022-06-05T09:46:37 PreemptTime=None
   SuspendTime=None SecsPreSuspend=0 LastSchedEval=2022-06-05T09:45:37
   Partition=gpu-2080ti AllocNode:Sid=bg-slurmb-login1:14025
   ReqNodeList=(null) ExcNodeList=(null)
   NodeList=slurm-bm-63
   BatchHost=slurm-bm-63
   NumNodes=1 NumCPUs=8 NumTasks=5 CPUs/Task=1 ReqB:S:C:T=0:0:*:*
   TRES=cpu=8,mem=3G,node=1,billing=2,gres/gpu=1
   Socks/Node=* NtasksPerN:B:S:C=0:0:*:* CoreSpec=*
   MinCPUsNode=1 MinMemoryNode=3G MinTmpDiskNode=0
   Features=(null) DelayBoot=00:00:00
   OverSubscribe=OK Contiguous=0 Licenses=(null) Network=(null)
   Command=/mnt/qb/work/butz/svolz67/dev/models/bias/review.sh
   WorkDir=/mnt/qb/work/butz/svolz67/dev/models/bias
   StdErr=/mnt/qb/work/butz/svolz67/dev/models/bias/svolz.err
   StdIn=/dev/null
   StdOut=/mnt/qb/work/butz/svolz67/dev/models/bias/svolz.out
   Power=
   CpusPerTres=gpu:8
   TresPerNode=gpu:1
   MailUser=sebastien.volz@student.uni-tuebingen.de MailType=FAIL
   NtasksPerTRES:0

