/mnt/qb/work/butz/svolz67/dev/models/learningRate
JOB DATA
JobId=1477483 ArrayJobId=1477483 ArrayTaskId=45 JobName=review.sh
   UserId=svolz67(4458) GroupId=butz(4032) MCS_label=N/A
   Priority=38235 Nice=0 Account=butz QOS=normal
   JobState=RUNNING Reason=None Dependency=(null)
   Requeue=1 Restarts=0 BatchFlag=1 Reboot=0 ExitCode=0:0
   RunTime=00:00:01 TimeLimit=1-00:00:00 TimeMin=N/A
   SubmitTime=2022-05-31T11:07:15 EligibleTime=2022-05-31T11:07:16
   AccrueTime=2022-05-31T11:07:31
   StartTime=2022-06-02T16:24:32 EndTime=2022-06-03T16:24:32 Deadline=N/A
   PreemptEligibleTime=2022-06-02T16:25:32 PreemptTime=None
   SuspendTime=None SecsPreSuspend=0 LastSchedEval=2022-06-02T16:24:32
   Partition=gpu-2080ti AllocNode:Sid=bg-slurmb-login1:19415
   ReqNodeList=(null) ExcNodeList=(null)
   NodeList=slurm-bm-[25,33]
   BatchHost=slurm-bm-25
   NumNodes=2 NumCPUs=46 NumTasks=45 CPUs/Task=1 ReqB:S:C:T=0:0:*:*
   TRES=cpu=46,mem=6G,node=2,billing=12,gres/gpu=2
   Socks/Node=* NtasksPerN:B:S:C=0:0:*:* CoreSpec=*
   MinCPUsNode=1 MinMemoryNode=3G MinTmpDiskNode=0
   Features=(null) DelayBoot=00:00:00
   OverSubscribe=OK Contiguous=0 Licenses=(null) Network=(null)
   Command=/mnt/qb/work/butz/svolz67/dev/models/learningRate/review.sh
   WorkDir=/mnt/qb/work/butz/svolz67/dev/models/learningRate
   StdErr=/mnt/qb/work/butz/svolz67/dev/models/learningRate/svolz.err
   StdIn=/dev/null
   StdOut=/mnt/qb/work/butz/svolz67/dev/models/learningRate/svolz.out
   Power=
   CpusPerTres=gpu:8
   TresPerNode=gpu:1
   MailUser=sebastien.volz@student.uni-tuebingen.de MailType=FAIL
   NtasksPerTRES:0

JobId=1477528 ArrayJobId=1477483 ArrayTaskId=44 JobName=review.sh
   UserId=svolz67(4458) GroupId=butz(4032) MCS_label=N/A
   Priority=38195 Nice=0 Account=butz QOS=normal
   JobState=RUNNING Reason=None Dependency=(null)
   Requeue=1 Restarts=0 BatchFlag=1 Reboot=0 ExitCode=0:0
   RunTime=00:43:00 TimeLimit=1-00:00:00 TimeMin=N/A
   SubmitTime=2022-05-31T11:07:15 EligibleTime=2022-05-31T11:07:16
   AccrueTime=2022-05-31T11:07:31
   StartTime=2022-06-02T15:41:33 EndTime=2022-06-03T15:41:33 Deadline=N/A
   PreemptEligibleTime=2022-06-02T15:42:33 PreemptTime=None
   SuspendTime=None SecsPreSuspend=0 LastSchedEval=2022-06-02T15:41:33
   Partition=gpu-2080ti AllocNode:Sid=bg-slurmb-login1:19415
   ReqNodeList=(null) ExcNodeList=(null)
   NodeList=slurm-bm-[37-38]
   BatchHost=slurm-bm-37
   NumNodes=2 NumCPUs=46 NumTasks=45 CPUs/Task=1 ReqB:S:C:T=0:0:*:*
   TRES=cpu=46,mem=6G,node=2,billing=12,gres/gpu=2
   Socks/Node=* NtasksPerN:B:S:C=0:0:*:* CoreSpec=*
   MinCPUsNode=1 MinMemoryNode=3G MinTmpDiskNode=0
   Features=(null) DelayBoot=00:00:00
   OverSubscribe=OK Contiguous=0 Licenses=(null) Network=(null)
   Command=/mnt/qb/work/butz/svolz67/dev/models/learningRate/review.sh
   WorkDir=/mnt/qb/work/butz/svolz67/dev/models/learningRate
   StdErr=/mnt/qb/work/butz/svolz67/dev/models/learningRate/svolz.err
   StdIn=/dev/null
   StdOut=/mnt/qb/work/butz/svolz67/dev/models/learningRate/svolz.out
   Power=
   CpusPerTres=gpu:8
   TresPerNode=gpu:1
   MailUser=sebastien.volz@student.uni-tuebingen.de MailType=FAIL
   NtasksPerTRES:0

JobId=1477527 ArrayJobId=1477483 ArrayTaskId=43 JobName=review.sh
   UserId=svolz67(4458) GroupId=butz(4032) MCS_label=N/A
   Priority=38096 Nice=0 Account=butz QOS=normal
   JobState=RUNNING Reason=None Dependency=(null)
   Requeue=1 Restarts=0 BatchFlag=1 Reboot=0 ExitCode=0:0
   RunTime=02:22:07 TimeLimit=1-00:00:00 TimeMin=N/A
   SubmitTime=2022-05-31T11:07:15 EligibleTime=2022-05-31T11:07:16
   AccrueTime=2022-05-31T11:07:31
   StartTime=2022-06-02T14:02:26 EndTime=2022-06-03T14:02:26 Deadline=N/A
   PreemptEligibleTime=2022-06-02T14:03:26 PreemptTime=None
   SuspendTime=None SecsPreSuspend=0 LastSchedEval=2022-06-02T14:02:26
   Partition=gpu-2080ti AllocNode:Sid=bg-slurmb-login1:19415
   ReqNodeList=(null) ExcNodeList=(null)
   NodeList=slurm-bm-[05,51]
   BatchHost=slurm-bm-05
   NumNodes=2 NumCPUs=46 NumTasks=45 CPUs/Task=1 ReqB:S:C:T=0:0:*:*
   TRES=cpu=46,mem=6G,node=2,billing=12,gres/gpu=2
   Socks/Node=* NtasksPerN:B:S:C=0:0:*:* CoreSpec=*
   MinCPUsNode=1 MinMemoryNode=3G MinTmpDiskNode=0
   Features=(null) DelayBoot=00:00:00
   OverSubscribe=OK Contiguous=0 Licenses=(null) Network=(null)
   Command=/mnt/qb/work/butz/svolz67/dev/models/learningRate/review.sh
   WorkDir=/mnt/qb/work/butz/svolz67/dev/models/learningRate
   StdErr=/mnt/qb/work/butz/svolz67/dev/models/learningRate/svolz.err
   StdIn=/dev/null
   StdOut=/mnt/qb/work/butz/svolz67/dev/models/learningRate/svolz.out
   Power=
   CpusPerTres=gpu:8
   TresPerNode=gpu:1
   MailUser=sebastien.volz@student.uni-tuebingen.de MailType=FAIL
   NtasksPerTRES:0

JobId=1477526 ArrayJobId=1477483 ArrayTaskId=42 JobName=review.sh
   UserId=svolz67(4458) GroupId=butz(4032) MCS_label=N/A
   Priority=37961 Nice=0 Account=butz QOS=normal
   JobState=RUNNING Reason=None Dependency=(null)
   Requeue=1 Restarts=0 BatchFlag=1 Reboot=0 ExitCode=0:0
   RunTime=06:10:33 TimeLimit=1-00:00:00 TimeMin=N/A
   SubmitTime=2022-05-31T11:07:15 EligibleTime=2022-05-31T11:07:16
   AccrueTime=2022-05-31T11:07:31
   StartTime=2022-06-02T10:14:00 EndTime=2022-06-03T10:14:00 Deadline=N/A
   PreemptEligibleTime=2022-06-02T10:15:00 PreemptTime=None
   SuspendTime=None SecsPreSuspend=0 LastSchedEval=2022-06-02T10:14:00
   Partition=gpu-2080ti AllocNode:Sid=bg-slurmb-login1:19415
   ReqNodeList=(null) ExcNodeList=(null)
   NodeList=slurm-bm-[82-83]
   BatchHost=slurm-bm-82
   NumNodes=2 NumCPUs=46 NumTasks=45 CPUs/Task=1 ReqB:S:C:T=0:0:*:*
   TRES=cpu=46,mem=6G,node=2,billing=12,gres/gpu=2
   Socks/Node=* NtasksPerN:B:S:C=0:0:*:* CoreSpec=*
   MinCPUsNode=1 MinMemoryNode=3G MinTmpDiskNode=0
   Features=(null) DelayBoot=00:00:00
   OverSubscribe=OK Contiguous=0 Licenses=(null) Network=(null)
   Command=/mnt/qb/work/butz/svolz67/dev/models/learningRate/review.sh
   WorkDir=/mnt/qb/work/butz/svolz67/dev/models/learningRate
   StdErr=/mnt/qb/work/butz/svolz67/dev/models/learningRate/svolz.err
   StdIn=/dev/null
   StdOut=/mnt/qb/work/butz/svolz67/dev/models/learningRate/svolz.out
   Power=
   CpusPerTres=gpu:8
   TresPerNode=gpu:1
   MailUser=sebastien.volz@student.uni-tuebingen.de MailType=FAIL
   NtasksPerTRES:0

JobId=1477524 ArrayJobId=1477483 ArrayTaskId=40 JobName=review.sh
   UserId=svolz67(4458) GroupId=butz(4032) MCS_label=N/A
   Priority=37876 Nice=0 Account=butz QOS=normal
   JobState=RUNNING Reason=None Dependency=(null)
   Requeue=1 Restarts=0 BatchFlag=1 Reboot=0 ExitCode=0:0
   RunTime=07:37:48 TimeLimit=1-00:00:00 TimeMin=N/A
   SubmitTime=2022-05-31T11:07:15 EligibleTime=2022-05-31T11:07:16
   AccrueTime=2022-05-31T11:07:31
   StartTime=2022-06-02T08:46:45 EndTime=2022-06-03T08:46:45 Deadline=N/A
   PreemptEligibleTime=2022-06-02T08:47:45 PreemptTime=None
   SuspendTime=None SecsPreSuspend=0 LastSchedEval=2022-06-02T08:46:45
   Partition=gpu-2080ti AllocNode:Sid=bg-slurmb-login1:19415
   ReqNodeList=(null) ExcNodeList=(null)
   NodeList=slurm-bm-[54,58]
   BatchHost=slurm-bm-54
   NumNodes=2 NumCPUs=46 NumTasks=45 CPUs/Task=1 ReqB:S:C:T=0:0:*:*
   TRES=cpu=46,mem=6G,node=2,billing=12,gres/gpu=2
   Socks/Node=* NtasksPerN:B:S:C=0:0:*:* CoreSpec=*
   MinCPUsNode=1 MinMemoryNode=3G MinTmpDiskNode=0
   Features=(null) DelayBoot=00:00:00
   OverSubscribe=OK Contiguous=0 Licenses=(null) Network=(null)
   Command=/mnt/qb/work/butz/svolz67/dev/models/learningRate/review.sh
   WorkDir=/mnt/qb/work/butz/svolz67/dev/models/learningRate
   StdErr=/mnt/qb/work/butz/svolz67/dev/models/learningRate/svolz.err
   StdIn=/dev/null
   StdOut=/mnt/qb/work/butz/svolz67/dev/models/learningRate/svolz.out
   Power=
   CpusPerTres=gpu:8
   TresPerNode=gpu:1
   MailUser=sebastien.volz@student.uni-tuebingen.de MailType=FAIL
   NtasksPerTRES:0

JobId=1477523 ArrayJobId=1477483 ArrayTaskId=39 JobName=review.sh
   UserId=svolz67(4458) GroupId=butz(4032) MCS_label=N/A
   Priority=37827 Nice=0 Account=butz QOS=normal
   JobState=COMPLETED Reason=None Dependency=(null)
   Requeue=1 Restarts=0 BatchFlag=1 Reboot=0 ExitCode=0:0
   RunTime=08:24:06 TimeLimit=1-00:00:00 TimeMin=N/A
   SubmitTime=2022-05-31T11:07:15 EligibleTime=2022-05-31T11:07:16
   AccrueTime=2022-05-31T11:07:31
   StartTime=2022-06-02T08:00:26 EndTime=2022-06-02T16:24:32 Deadline=N/A
   PreemptEligibleTime=2022-06-02T08:01:26 PreemptTime=None
   SuspendTime=None SecsPreSuspend=0 LastSchedEval=2022-06-02T08:00:26
   Partition=gpu-2080ti AllocNode:Sid=bg-slurmb-login1:19415
   ReqNodeList=(null) ExcNodeList=(null)
   NodeList=slurm-bm-[25,33]
   BatchHost=slurm-bm-25
   NumNodes=2 NumCPUs=46 NumTasks=45 CPUs/Task=1 ReqB:S:C:T=0:0:*:*
   TRES=cpu=46,mem=6G,node=2,billing=12,gres/gpu=2
   Socks/Node=* NtasksPerN:B:S:C=0:0:*:* CoreSpec=*
   MinCPUsNode=1 MinMemoryNode=3G MinTmpDiskNode=0
   Features=(null) DelayBoot=00:00:00
   OverSubscribe=OK Contiguous=0 Licenses=(null) Network=(null)
   Command=/mnt/qb/work/butz/svolz67/dev/models/learningRate/review.sh
   WorkDir=/mnt/qb/work/butz/svolz67/dev/models/learningRate
   StdErr=/mnt/qb/work/butz/svolz67/dev/models/learningRate/svolz.err
   StdIn=/dev/null
   StdOut=/mnt/qb/work/butz/svolz67/dev/models/learningRate/svolz.out
   Power=
   CpusPerTres=gpu:8
   TresPerNode=gpu:1
   MailUser=sebastien.volz@student.uni-tuebingen.de MailType=FAIL
   NtasksPerTRES:0

node:
slurm-bm-25.novalocal
RUN Script
