/mnt/qb/work/butz/svolz67/dev/convLSTM/train
JOB DATA
JobId=1664090 ArrayJobId=1664090 ArrayTaskId=5 JobName=review.sh
   UserId=svolz67(4458) GroupId=butz(4032) MCS_label=N/A
   Priority=13634 Nice=0 Account=butz QOS=normal
   JobState=RUNNING Reason=None Dependency=(null)
   Requeue=1 Restarts=0 BatchFlag=1 Reboot=0 ExitCode=0:0
   RunTime=00:00:00 TimeLimit=3-00:00:00 TimeMin=N/A
   SubmitTime=2022-07-29T12:37:38 EligibleTime=2022-07-29T12:37:39
   AccrueTime=Unknown
   StartTime=2022-07-29T12:37:39 EndTime=2022-08-01T12:37:39 Deadline=N/A
   PreemptEligibleTime=2022-07-29T12:38:39 PreemptTime=None
   SuspendTime=None SecsPreSuspend=0 LastSchedEval=2022-07-29T12:37:39
   Partition=gpu-2080ti AllocNode:Sid=bg-slurmb-login1:24277
   ReqNodeList=(null) ExcNodeList=(null)
   NodeList=slurm-bm-16
   BatchHost=slurm-bm-16
   NumNodes=1 NumCPUs=8 NumTasks=2 CPUs/Task=1 ReqB:S:C:T=0:0:*:*
   TRES=cpu=8,mem=3G,node=1,billing=2,gres/gpu=1
   Socks/Node=* NtasksPerN:B:S:C=0:0:*:* CoreSpec=*
   MinCPUsNode=1 MinMemoryNode=3G MinTmpDiskNode=0
   Features=(null) DelayBoot=00:00:00
   OverSubscribe=OK Contiguous=0 Licenses=(null) Network=(null)
   Command=/mnt/qb/work/butz/svolz67/dev/convLSTM/train/review.sh
   WorkDir=/mnt/qb/work/butz/svolz67/dev/convLSTM/train
   StdErr=/mnt/qb/work/butz/svolz67/dev/convLSTM/train/svolz.err
   StdIn=/dev/null
   StdOut=/mnt/qb/work/butz/svolz67/dev/convLSTM/train/svolz.out
   Power=
   CpusPerTres=gpu:8
   TresPerNode=gpu:1
   MailUser=sebastian.volz@student.uni-tuebingen.de MailType=FAIL
   NtasksPerTRES:0

JobId=1664091 ArrayJobId=1664090 ArrayTaskId=4 JobName=review.sh
   UserId=svolz67(4458) GroupId=butz(4032) MCS_label=N/A
   Priority=13634 Nice=0 Account=butz QOS=normal
   JobState=RUNNING Reason=None Dependency=(null)
   Requeue=1 Restarts=0 BatchFlag=1 Reboot=0 ExitCode=0:0
   RunTime=00:00:00 TimeLimit=3-00:00:00 TimeMin=N/A
   SubmitTime=2022-07-29T12:37:38 EligibleTime=2022-07-29T12:37:39
   AccrueTime=Unknown
   StartTime=2022-07-29T12:37:39 EndTime=2022-08-01T12:37:39 Deadline=N/A
   PreemptEligibleTime=2022-07-29T12:38:39 PreemptTime=None
   SuspendTime=None SecsPreSuspend=0 LastSchedEval=2022-07-29T12:37:39
   Partition=gpu-2080ti AllocNode:Sid=bg-slurmb-login1:24277
   ReqNodeList=(null) ExcNodeList=(null)
   NodeList=slurm-bm-27
   BatchHost=slurm-bm-27
   NumNodes=1 NumCPUs=8 NumTasks=2 CPUs/Task=1 ReqB:S:C:T=0:0:*:*
   TRES=cpu=8,mem=3G,node=1,billing=2,gres/gpu=1
   Socks/Node=* NtasksPerN:B:S:C=0:0:*:* CoreSpec=*
   MinCPUsNode=1 MinMemoryNode=3G MinTmpDiskNode=0
   Features=(null) DelayBoot=00:00:00
   OverSubscribe=OK Contiguous=0 Licenses=(null) Network=(null)
   Command=/mnt/qb/work/butz/svolz67/dev/convLSTM/train/review.sh
   WorkDir=/mnt/qb/work/butz/svolz67/dev/convLSTM/train
   StdErr=/mnt/qb/work/butz/svolz67/dev/convLSTM/train/svolz.err
   StdIn=/dev/null
   StdOut=/mnt/qb/work/butz/svolz67/dev/convLSTM/train/svolz.out
   Power=
   CpusPerTres=gpu:8
   TresPerNode=gpu:1
   MailUser=sebastian.volz@student.uni-tuebingen.de MailType=FAIL
   NtasksPerTRES:0

node:
slurm-bm-16.novalocal
RUN Script
