Traceback (most recent call last):
  File "/mnt/qb/work/butz/svolz67/dev/models/wave/./ConvLSTM.py", line 126, in <module>
    visualize_wave(pred[0,:,:,:], 1, nbrImages=20, fromStart=False)
  File "/mnt/qb/work/butz/svolz67/dev/models/wave/./ConvLSTM.py", line 89, in visualize_wave
    plt.imshow(image, cmap='gray')
  File "/mnt/qb/work/butz/svolz67/envs/lib/python3.10/site-packages/matplotlib/_api/deprecation.py", line 456, in wrapper
    return func(*args, **kwargs)
  File "/mnt/qb/work/butz/svolz67/envs/lib/python3.10/site-packages/matplotlib/pyplot.py", line 2640, in imshow
    __ret = gca().imshow(
  File "/mnt/qb/work/butz/svolz67/envs/lib/python3.10/site-packages/matplotlib/_api/deprecation.py", line 456, in wrapper
    return func(*args, **kwargs)
  File "/mnt/qb/work/butz/svolz67/envs/lib/python3.10/site-packages/matplotlib/__init__.py", line 1412, in inner
    return func(ax, *map(sanitize_sequence, args), **kwargs)
  File "/mnt/qb/work/butz/svolz67/envs/lib/python3.10/site-packages/matplotlib/axes/_axes.py", line 5488, in imshow
    im.set_data(X)
  File "/mnt/qb/work/butz/svolz67/envs/lib/python3.10/site-packages/matplotlib/image.py", line 702, in set_data
    self._A = cbook.safe_masked_invalid(A, copy=True)
  File "/mnt/qb/work/butz/svolz67/envs/lib/python3.10/site-packages/matplotlib/cbook/__init__.py", line 701, in safe_masked_invalid
    x = np.array(x, subok=True, copy=copy)
  File "/mnt/qb/work/butz/svolz67/envs/lib/python3.10/site-packages/torch/_tensor.py", line 732, in __array__
    return self.numpy()
TypeError: can't convert cuda:0 device type tensor to numpy. Use Tensor.cpu() to copy the tensor to host memory first.
