/mnt/qb/work/butz/svolz67/dev/models/wave
JOB DATA
JobId=1409181 ArrayJobId=1409181 ArrayTaskId=0 JobName=review.sh
   UserId=svolz67(4458) GroupId=butz(4032) MCS_label=N/A
   Priority=39551 Nice=0 Account=butz QOS=normal
   JobState=RUNNING Reason=None Dependency=(null)
   Requeue=1 Restarts=0 BatchFlag=1 Reboot=0 ExitCode=0:0
   RunTime=00:00:01 TimeLimit=00:30:00 TimeMin=N/A
   SubmitTime=2022-05-08T13:54:30 EligibleTime=2022-05-08T13:54:30
   AccrueTime=Unknown
   StartTime=2022-05-08T13:54:30 EndTime=2022-05-08T14:24:30 Deadline=N/A
   PreemptEligibleTime=2022-05-08T13:55:30 PreemptTime=None
   SuspendTime=None SecsPreSuspend=0 LastSchedEval=2022-05-08T13:54:30
   Partition=gpu-2080ti AllocNode:Sid=bg-slurmb-login1:17161
   ReqNodeList=(null) ExcNodeList=(null)
   NodeList=slurm-bm-35
   BatchHost=slurm-bm-35
   NumNodes=1 NumCPUs=8 NumTasks=1 CPUs/Task=1 ReqB:S:C:T=0:0:*:*
   TRES=cpu=8,mem=3G,node=1,billing=2,gres/gpu=1
   Socks/Node=* NtasksPerN:B:S:C=0:0:*:* CoreSpec=*
   MinCPUsNode=1 MinMemoryNode=3G MinTmpDiskNode=0
   Features=(null) DelayBoot=00:00:00
   OverSubscribe=OK Contiguous=0 Licenses=(null) Network=(null)
   Command=/mnt/qb/work/butz/svolz67/dev/models/wave/review.sh
   WorkDir=/mnt/qb/work/butz/svolz67/dev/models/wave
   StdErr=/mnt/qb/work/butz/svolz67/dev/models/wave/svolz.err
   StdIn=/dev/null
   StdOut=/mnt/qb/work/butz/svolz67/dev/models/wave/svolz.out
   Power=
   CpusPerTres=gpu:8
   TresPerNode=gpu:1
   MailUser=sebastien.volz@student.uni-tuebingen.de MailType=FAIL
   NtasksPerTRES:0

node:
slurm-bm-35.novalocal
RUN Script
0.0012972819386050105
0.001177654485218227
0.0012407619506120682
0.0013341762823984027
0.0012327803997322917
0.0012530484236776829
0.0012895583640784025
0.0012340462999418378
0.0012527847429737449
0.0011921694967895746
