/mnt/qb/work/butz/svolz67/dev/models/LSTMwithSin
JOB DATA
JobId=1401401 ArrayJobId=1401401 ArrayTaskId=0 JobName=review.sh
   UserId=svolz67(4458) GroupId=butz(4032) MCS_label=N/A
   Priority=39476 Nice=0 Account=butz QOS=normal
   JobState=RUNNING Reason=None Dependency=(null)
   Requeue=1 Restarts=0 BatchFlag=1 Reboot=0 ExitCode=0:0
   RunTime=00:00:01 TimeLimit=00:30:00 TimeMin=N/A
   SubmitTime=2022-05-04T15:55:56 EligibleTime=2022-05-04T15:55:57
   AccrueTime=Unknown
   StartTime=2022-05-04T15:55:57 EndTime=2022-05-04T16:25:57 Deadline=N/A
   PreemptEligibleTime=2022-05-04T15:56:57 PreemptTime=None
   SuspendTime=None SecsPreSuspend=0 LastSchedEval=2022-05-04T15:55:57
   Partition=gpu-2080ti AllocNode:Sid=bg-slurmb-login1:6008
   ReqNodeList=(null) ExcNodeList=(null)
   NodeList=slurm-bm-17
   BatchHost=slurm-bm-17
   NumNodes=1 NumCPUs=8 NumTasks=1 CPUs/Task=1 ReqB:S:C:T=0:0:*:*
   TRES=cpu=8,mem=3G,node=1,billing=2,gres/gpu=1
   Socks/Node=* NtasksPerN:B:S:C=0:0:*:* CoreSpec=*
   MinCPUsNode=1 MinMemoryNode=3G MinTmpDiskNode=0
   Features=(null) DelayBoot=00:00:00
   OverSubscribe=OK Contiguous=0 Licenses=(null) Network=(null)
   Command=/mnt/qb/work/butz/svolz67/dev/models/LSTMwithSin/review.sh
   WorkDir=/mnt/qb/work/butz/svolz67/dev/models/LSTMwithSin
   StdErr=/mnt/qb/work/butz/svolz67/dev/models/LSTMwithSin/svolz.err
   StdIn=/dev/null
   StdOut=/mnt/qb/work/butz/svolz67/dev/models/LSTMwithSin/svolz.out
   Power=
   CpusPerTres=gpu:8
   TresPerNode=gpu:1
   MailUser=sebastien.volz@student.uni-tuebingen.de MailType=FAIL
   NtasksPerTRES:0

node:
slurm-bm-17.novalocal
RUN Script
[0.49219798704801393, 0.46791410855364485, 0.441999210055394, 0.4093907054351919, 0.3763231328997856, 0.34192459711712153, 0.3070462344948288, 0.2744202473659169, 0.2303917036646052, 0.16314028602011899, 0.1466218475689559, 0.13985336270256066, 0.10681192939770996, 0.0989953126332923, 0.07594615439476354, 0.06105588402686901, 0.0508978340893112, 0.048385908548778736, 0.05019852953076263, 0.048648046628714844, 0.0380064576048091, 0.02645119781691392, 0.020533277564592455, 0.017872910566534228, 0.017468680979336716, 0.017166619216484505, 0.017366560620689576, 0.016803388261142024, 0.016126197095310404, 0.01426175567214499, 0.011837133373881679, 0.0096475007585853, 0.009107085474417787, 0.009704901543028412, 0.010640918478182914, 0.010724605136595502, 0.009724438569283003, 0.008452046625328188, 0.0074948145195671565, 0.006832461810368654, 0.006517429818583264, 0.0061956162692176206, 0.006227916608613356, 0.006209481384646104, 0.006044585360381975, 0.0055718021103587055, 0.004858217806226712, 0.004253172626743118, 0.0039621712878092664, 0.003918033261616914, 0.004202815553738346, 0.0040355120787235075, 0.0037806842713575535, 0.0035066957102179003, 0.003311289799824255, 0.003213287858993045, 0.003151298375131159, 0.0030596414941328675, 0.00301463906831012, 0.0029568093589475448, 0.002882429308528447, 0.002837561120936861, 0.002773343768867673, 0.0026878199551234752, 0.0026386614306903398, 0.0026148576838293082, 0.0025467812956223032, 0.0024185270030623296, 0.0023104539797316292, 0.0022536736245476743, 0.002266824648012124, 0.0022157483331085625, 0.0021018913356080434, 0.002022858458016954, 0.001962930475578383, 0.0019522251197132776, 0.001955045670930698, 0.001928775904955569, 0.001881712226150911, 0.0018269987174492266, 0.0018036552900105602, 0.001802299893277299, 0.0017894810424113339, 0.0017704570870712062, 0.0017220856596139344, 0.0017142239564395766, 0.0016988364688735147, 0.00167256162554207, 0.0016388596678648022, 0.0016326901580588486, 0.0016285112472263661, 0.0016137346583333229, 0.0015999806584375707, 0.0015747277816006058, 0.0015442110028156203, 0.0015233575786649382, 0.0015075947810273046, 0.001487090407118942, 0.001468304640322484, 0.0014425486995687914, 0.0014207601771329033, 0.0014094923535128167, 0.0013939982565624232, 0.0013741219182262904, 0.0013563122012720673, 0.001340376407466733, 0.0013225637101891776, 0.0012705643113793245, 0.0012530394278047238, 0.0012413706172380375, 0.0012302959307516018, 0.0012186767731591044, 0.0012048799994509379, 0.0011929737224639955, 0.0011801262817467068, 0.0011666649694966355, 0.0011531769478422159, 0.0011399987396241574, 0.0011279604658607637, 0.001115531247047367, 0.0011024263800348847, 0.001090254964270781, 0.001081058037385153, 0.0010687197308196352, 0.00105768300994497, 0.0010462729643325654, 0.0010361314474040253, 0.001025899474378428, 0.0010156254121256026, 0.0010052619736955384, 0.0009955430913952269, 0.0009859594620515257, 0.000976380318926654, 0.0009640361441173095, 0.0009565844548766184, 0.0009466807107040265, 0.0009394345707432063, 0.0009317172147622973, 0.0009253361279904094, 0.0009153960754722589, 0.0009078100071281266, 0.000899222113716816, 0.0008909048946789756, 0.0008829594258538657, 0.0008759475444534948, 0.00086858169740554, 0.000860846644904727, 0.0008545744975096577, 0.0008468342217631478, 0.000840250676984369] [0.47382313602666837, 0.44020586561623026, 0.41435889807190607, 0.37776225755025394, 0.3355927782476367, 0.30515503029118496, 0.274119242647525, 0.22766723528007737, 0.1723933520759174, 0.14880507747147562, 0.12098079918153781, 0.08923487414866456, 0.09802830253351646, 0.06414517677978195, 0.06388578994803978, 0.05526688427084822, 0.050495097087558685, 0.050327669640648116, 0.04945164488632398, 0.04193047178277345, 0.03011602224304624, 0.02403615862469819, 0.01992458301842918, 0.018571991656474773, 0.01828419498775298, 0.018836066409710455, 0.01671644421256055, 0.017107365035669037, 0.015194716363328168, 0.011508370676254898, 0.010032513651018109, 0.009257505078944612, 0.009638560444223503, 0.011055388492854909, 0.011015194782847768, 0.009945803524697153, 0.008612044755015839, 0.007656182374322216, 0.006912999712086785, 0.00652721561021615, 0.006116642212683879, 0.006271318135259475, 0.006244457827406021, 0.006117551479449275, 0.005617514459876086, 0.004817432544934771, 0.004178612884554972, 0.0038880295061641114, 0.0038787724947657275, 0.005448415294802125, 0.005171536998420588, 0.004677705802870239, 0.00443410047672098, 0.004130674418187423, 0.0038538783021798253, 0.00377970936872463, 0.0037824171017377976, 0.0038287031445066507, 0.0038579784935691207, 0.0038056429860295234, 0.0037819509448329086, 0.0037894860426285473, 0.003534844848082093, 0.0033013898780843314, 0.003552377860012447, 0.003322035487691296, 0.003200608088328311, 0.003200247157111648, 0.0033624830652991, 0.003426373063215339, 0.003369329442159096, 0.0026882041430846253, 0.0025592813594288765, 0.0024137329988892023, 0.002320276580314242, 0.002259512285542941, 0.002199292094014057, 0.0021499439967616655, 0.0021213748143895047, 0.0021279949265230733, 0.0021429732320738235, 0.0021259509468373036, 0.0020659644548952825, 0.001983345734484305, 0.0019160923003575833, 0.00187606401307019, 0.0018542104185174544, 0.0018320278744115956, 0.0017927878058786497, 0.0017842983197500105, 0.0017680903546042504, 0.0017301196308583382, 0.0016716240205176048, 0.0016105653292924705, 0.0015633063890419013, 0.001531307307181684, 0.0015058883183637845, 0.0014930957909901439, 0.001476968380130259, 0.0014683753702605337, 0.0014538220734582972, 0.0014271995359524362, 0.0013945796725579977, 0.001366234810586429, 0.0013447727200673002, 0.0013265449483579415, 0.0011797065382995694, 0.0011688513894024895, 0.0011606993058063272, 0.0011533379873477053, 0.001143751054132164, 0.0011339367328610946, 0.0011209059474583186, 0.0011051523946839688, 0.0011065623706639843, 0.0010966185132689815, 0.001087511946762779, 0.001079718840747109, 0.001070667757255087, 0.0010589502221655285, 0.0010478649543624215, 0.0010386971326642547, 0.0010302300503713755, 0.0010216853194364448, 0.0010130885018170995, 0.0010057332270037949, 0.0009967742182623353, 0.0009867409139564202, 0.0009764713612704604, 0.0009661426891591434, 0.0009559792427061081, 0.0009468037454727167, 0.0009377691444699752, 0.0009288028258815432, 0.0009203508692837538, 0.000912700963828732, 0.0009013143536274549, 0.0008916131336947899, 0.0008828484392233008, 0.0008693616763403696, 0.0008637833862770382, 0.000856673366955003, 0.0008488184388376857, 0.0008426481297524008, 0.000834716113778452, 0.0008261278150258336, 0.0008182264592388994, 0.0008111662186640838, 0.0008042366519429436, 0.000795577038674478]
